Watching for file changes with StatReloader
"GET / HTTP/1.1" 200 235
D:\Programming\JANGO\Homeworks\HW1\homework_1\homework_1\settings.py changed, reloading.
Watching for file changes with StatReloader
D:\Programming\JANGO\Homeworks\HW1\homework_1\homework_1\settings.py changed, reloading.
INFO 2023-07-26 17:01:23,998 autoreload 10632 10596Watching for file changes with StatReloader
INFO 2023-07-26 17:01:33,617 basehttp 10632 11180"GET /about/ HTTP/1.1" 200 224
INFO 2023-07-26 17:01:35,784 basehttp 10632 11180"GET / HTTP/1.1" 200 235
INFO 2023-07-26 19:05:42,205 autoreload 3972 14956Watching for file changes with StatReloader
INFO 2023-07-26 19:05:50,735 basehttp 3972 16000"GET / HTTP/1.1" 200 663
WARNING 2023-07-26 19:05:50,892 basehttp 3972 16000"GET /static/css/styles.css HTTP/1.1" 404 1801
WARNING 2023-07-26 19:05:51,269 log 3972 1232Not Found: /favicon.ico
WARNING 2023-07-26 19:05:51,271 basehttp 3972 1232"GET /favicon.ico HTTP/1.1" 404 2442
ERROR 2023-07-26 19:06:19,860 log 3972 1232Internal Server Error: /about/
Traceback (most recent call last):
  File "D:\Programming\JANGO\Homeworks\HW1\venv\lib\site-packages\django\template\base.py", line 505, in parse
    compile_func = self.tags[command]
KeyError: 'static'

During handling of the above exception, another exception occurred:

Traceback (most recent call last):
  File "D:\Programming\JANGO\Homeworks\HW1\venv\lib\site-packages\django\core\handlers\exception.py", line 55, in inner
    response = get_response(request)
  File "D:\Programming\JANGO\Homeworks\HW1\venv\lib\site-packages\django\core\handlers\base.py", line 197, in _get_response
    response = wrapped_callback(request, *callback_args, **callback_kwargs)
  File "D:\Programming\JANGO\Homeworks\HW1\homework_1\myapp\views.py", line 9, in about
    return render(request, "about_me.html")
  File "D:\Programming\JANGO\Homeworks\HW1\venv\lib\site-packages\django\shortcuts.py", line 24, in render
    content = loader.render_to_string(template_name, context, request, using=using)
  File "D:\Programming\JANGO\Homeworks\HW1\venv\lib\site-packages\django\template\loader.py", line 61, in render_to_string
    template = get_template(template_name, using=using)
  File "D:\Programming\JANGO\Homeworks\HW1\venv\lib\site-packages\django\template\loader.py", line 15, in get_template
    return engine.get_template(template_name)
  File "D:\Programming\JANGO\Homeworks\HW1\venv\lib\site-packages\django\template\backends\django.py", line 33, in get_template
    return Template(self.engine.get_template(template_name), self)
  File "D:\Programming\JANGO\Homeworks\HW1\venv\lib\site-packages\django\template\engine.py", line 175, in get_template
    template, origin = self.find_template(template_name)
  File "D:\Programming\JANGO\Homeworks\HW1\venv\lib\site-packages\django\template\engine.py", line 157, in find_template
    template = loader.get_template(name, skip=skip)
  File "D:\Programming\JANGO\Homeworks\HW1\venv\lib\site-packages\django\template\loaders\cached.py", line 57, in get_template
    template = super().get_template(template_name, skip)
  File "D:\Programming\JANGO\Homeworks\HW1\venv\lib\site-packages\django\template\loaders\base.py", line 28, in get_template
    return Template(
  File "D:\Programming\JANGO\Homeworks\HW1\venv\lib\site-packages\django\template\base.py", line 154, in __init__
    self.nodelist = self.compile_nodelist()
  File "D:\Programming\JANGO\Homeworks\HW1\venv\lib\site-packages\django\template\base.py", line 200, in compile_nodelist
    return parser.parse()
  File "D:\Programming\JANGO\Homeworks\HW1\venv\lib\site-packages\django\template\base.py", line 513, in parse
    raise self.error(token, e)
  File "D:\Programming\JANGO\Homeworks\HW1\venv\lib\site-packages\django\template\base.py", line 511, in parse
    compiled_result = compile_func(self, token)
  File "D:\Programming\JANGO\Homeworks\HW1\venv\lib\site-packages\django\template\loader_tags.py", line 293, in do_extends
    nodelist = parser.parse()
  File "D:\Programming\JANGO\Homeworks\HW1\venv\lib\site-packages\django\template\base.py", line 513, in parse
    raise self.error(token, e)
  File "D:\Programming\JANGO\Homeworks\HW1\venv\lib\site-packages\django\template\base.py", line 511, in parse
    compiled_result = compile_func(self, token)
  File "D:\Programming\JANGO\Homeworks\HW1\venv\lib\site-packages\django\template\loader_tags.py", line 232, in do_block
    nodelist = parser.parse(("endblock",))
  File "D:\Programming\JANGO\Homeworks\HW1\venv\lib\site-packages\django\template\base.py", line 507, in parse
    self.invalid_block_tag(token, command, parse_until)
  File "D:\Programming\JANGO\Homeworks\HW1\venv\lib\site-packages\django\template\base.py", line 558, in invalid_block_tag
    raise self.error(
django.template.exceptions.TemplateSyntaxError: Invalid block tag on line 4: 'static', expected 'endblock'. Did you forget to register or load this tag?
ERROR 2023-07-26 19:06:19,890 basehttp 3972 1232"GET /about/ HTTP/1.1" 500 163485
ERROR 2023-07-26 19:07:16,809 log 3972 1232Internal Server Error: /about/
Traceback (most recent call last):
  File "D:\Programming\JANGO\Homeworks\HW1\venv\lib\site-packages\django\template\base.py", line 505, in parse
    compile_func = self.tags[command]
KeyError: 'static'

During handling of the above exception, another exception occurred:

Traceback (most recent call last):
  File "D:\Programming\JANGO\Homeworks\HW1\venv\lib\site-packages\django\core\handlers\exception.py", line 55, in inner
    response = get_response(request)
  File "D:\Programming\JANGO\Homeworks\HW1\venv\lib\site-packages\django\core\handlers\base.py", line 197, in _get_response
    response = wrapped_callback(request, *callback_args, **callback_kwargs)
  File "D:\Programming\JANGO\Homeworks\HW1\homework_1\myapp\views.py", line 9, in about
    return render(request, "about_me.html")
  File "D:\Programming\JANGO\Homeworks\HW1\venv\lib\site-packages\django\shortcuts.py", line 24, in render
    content = loader.render_to_string(template_name, context, request, using=using)
  File "D:\Programming\JANGO\Homeworks\HW1\venv\lib\site-packages\django\template\loader.py", line 61, in render_to_string
    template = get_template(template_name, using=using)
  File "D:\Programming\JANGO\Homeworks\HW1\venv\lib\site-packages\django\template\loader.py", line 15, in get_template
    return engine.get_template(template_name)
  File "D:\Programming\JANGO\Homeworks\HW1\venv\lib\site-packages\django\template\backends\django.py", line 33, in get_template
    return Template(self.engine.get_template(template_name), self)
  File "D:\Programming\JANGO\Homeworks\HW1\venv\lib\site-packages\django\template\engine.py", line 175, in get_template
    template, origin = self.find_template(template_name)
  File "D:\Programming\JANGO\Homeworks\HW1\venv\lib\site-packages\django\template\engine.py", line 157, in find_template
    template = loader.get_template(name, skip=skip)
  File "D:\Programming\JANGO\Homeworks\HW1\venv\lib\site-packages\django\template\loaders\cached.py", line 57, in get_template
    template = super().get_template(template_name, skip)
  File "D:\Programming\JANGO\Homeworks\HW1\venv\lib\site-packages\django\template\loaders\base.py", line 28, in get_template
    return Template(
  File "D:\Programming\JANGO\Homeworks\HW1\venv\lib\site-packages\django\template\base.py", line 154, in __init__
    self.nodelist = self.compile_nodelist()
  File "D:\Programming\JANGO\Homeworks\HW1\venv\lib\site-packages\django\template\base.py", line 200, in compile_nodelist
    return parser.parse()
  File "D:\Programming\JANGO\Homeworks\HW1\venv\lib\site-packages\django\template\base.py", line 513, in parse
    raise self.error(token, e)
  File "D:\Programming\JANGO\Homeworks\HW1\venv\lib\site-packages\django\template\base.py", line 511, in parse
    compiled_result = compile_func(self, token)
  File "D:\Programming\JANGO\Homeworks\HW1\venv\lib\site-packages\django\template\loader_tags.py", line 293, in do_extends
    nodelist = parser.parse()
  File "D:\Programming\JANGO\Homeworks\HW1\venv\lib\site-packages\django\template\base.py", line 513, in parse
    raise self.error(token, e)
  File "D:\Programming\JANGO\Homeworks\HW1\venv\lib\site-packages\django\template\base.py", line 511, in parse
    compiled_result = compile_func(self, token)
  File "D:\Programming\JANGO\Homeworks\HW1\venv\lib\site-packages\django\template\loader_tags.py", line 232, in do_block
    nodelist = parser.parse(("endblock",))
  File "D:\Programming\JANGO\Homeworks\HW1\venv\lib\site-packages\django\template\base.py", line 507, in parse
    self.invalid_block_tag(token, command, parse_until)
  File "D:\Programming\JANGO\Homeworks\HW1\venv\lib\site-packages\django\template\base.py", line 558, in invalid_block_tag
    raise self.error(
django.template.exceptions.TemplateSyntaxError: Invalid block tag on line 4: 'static', expected 'endblock'. Did you forget to register or load this tag?
ERROR 2023-07-26 19:07:16,827 basehttp 3972 1232"GET /about/ HTTP/1.1" 500 163622
ERROR 2023-07-26 19:08:47,537 log 3972 1232Internal Server Error: /about/
Traceback (most recent call last):
  File "D:\Programming\JANGO\Homeworks\HW1\venv\lib\site-packages\django\template\base.py", line 505, in parse
    compile_func = self.tags[command]
KeyError: 'static'

During handling of the above exception, another exception occurred:

Traceback (most recent call last):
  File "D:\Programming\JANGO\Homeworks\HW1\venv\lib\site-packages\django\core\handlers\exception.py", line 55, in inner
    response = get_response(request)
  File "D:\Programming\JANGO\Homeworks\HW1\venv\lib\site-packages\django\core\handlers\base.py", line 197, in _get_response
    response = wrapped_callback(request, *callback_args, **callback_kwargs)
  File "D:\Programming\JANGO\Homeworks\HW1\homework_1\myapp\views.py", line 9, in about
    return render(request, "about_me.html")
  File "D:\Programming\JANGO\Homeworks\HW1\venv\lib\site-packages\django\shortcuts.py", line 24, in render
    content = loader.render_to_string(template_name, context, request, using=using)
  File "D:\Programming\JANGO\Homeworks\HW1\venv\lib\site-packages\django\template\loader.py", line 61, in render_to_string
    template = get_template(template_name, using=using)
  File "D:\Programming\JANGO\Homeworks\HW1\venv\lib\site-packages\django\template\loader.py", line 15, in get_template
    return engine.get_template(template_name)
  File "D:\Programming\JANGO\Homeworks\HW1\venv\lib\site-packages\django\template\backends\django.py", line 33, in get_template
    return Template(self.engine.get_template(template_name), self)
  File "D:\Programming\JANGO\Homeworks\HW1\venv\lib\site-packages\django\template\engine.py", line 175, in get_template
    template, origin = self.find_template(template_name)
  File "D:\Programming\JANGO\Homeworks\HW1\venv\lib\site-packages\django\template\engine.py", line 157, in find_template
    template = loader.get_template(name, skip=skip)
  File "D:\Programming\JANGO\Homeworks\HW1\venv\lib\site-packages\django\template\loaders\cached.py", line 57, in get_template
    template = super().get_template(template_name, skip)
  File "D:\Programming\JANGO\Homeworks\HW1\venv\lib\site-packages\django\template\loaders\base.py", line 28, in get_template
    return Template(
  File "D:\Programming\JANGO\Homeworks\HW1\venv\lib\site-packages\django\template\base.py", line 154, in __init__
    self.nodelist = self.compile_nodelist()
  File "D:\Programming\JANGO\Homeworks\HW1\venv\lib\site-packages\django\template\base.py", line 200, in compile_nodelist
    return parser.parse()
  File "D:\Programming\JANGO\Homeworks\HW1\venv\lib\site-packages\django\template\base.py", line 513, in parse
    raise self.error(token, e)
  File "D:\Programming\JANGO\Homeworks\HW1\venv\lib\site-packages\django\template\base.py", line 511, in parse
    compiled_result = compile_func(self, token)
  File "D:\Programming\JANGO\Homeworks\HW1\venv\lib\site-packages\django\template\loader_tags.py", line 293, in do_extends
    nodelist = parser.parse()
  File "D:\Programming\JANGO\Homeworks\HW1\venv\lib\site-packages\django\template\base.py", line 513, in parse
    raise self.error(token, e)
  File "D:\Programming\JANGO\Homeworks\HW1\venv\lib\site-packages\django\template\base.py", line 511, in parse
    compiled_result = compile_func(self, token)
  File "D:\Programming\JANGO\Homeworks\HW1\venv\lib\site-packages\django\template\loader_tags.py", line 232, in do_block
    nodelist = parser.parse(("endblock",))
  File "D:\Programming\JANGO\Homeworks\HW1\venv\lib\site-packages\django\template\base.py", line 507, in parse
    self.invalid_block_tag(token, command, parse_until)
  File "D:\Programming\JANGO\Homeworks\HW1\venv\lib\site-packages\django\template\base.py", line 558, in invalid_block_tag
    raise self.error(
django.template.exceptions.TemplateSyntaxError: Invalid block tag on line 4: 'static', expected 'endblock'. Did you forget to register or load this tag?
ERROR 2023-07-26 19:08:47,555 basehttp 3972 1232"GET /about/ HTTP/1.1" 500 163622
ERROR 2023-07-26 19:09:40,297 log 3972 1232Internal Server Error: /about/
Traceback (most recent call last):
  File "D:\Programming\JANGO\Homeworks\HW1\venv\lib\site-packages\django\template\base.py", line 505, in parse
    compile_func = self.tags[command]
KeyError: 'static'

During handling of the above exception, another exception occurred:

Traceback (most recent call last):
  File "D:\Programming\JANGO\Homeworks\HW1\venv\lib\site-packages\django\core\handlers\exception.py", line 55, in inner
    response = get_response(request)
  File "D:\Programming\JANGO\Homeworks\HW1\venv\lib\site-packages\django\core\handlers\base.py", line 197, in _get_response
    response = wrapped_callback(request, *callback_args, **callback_kwargs)
  File "D:\Programming\JANGO\Homeworks\HW1\homework_1\myapp\views.py", line 9, in about
    return render(request, "about_me.html")
  File "D:\Programming\JANGO\Homeworks\HW1\venv\lib\site-packages\django\shortcuts.py", line 24, in render
    content = loader.render_to_string(template_name, context, request, using=using)
  File "D:\Programming\JANGO\Homeworks\HW1\venv\lib\site-packages\django\template\loader.py", line 61, in render_to_string
    template = get_template(template_name, using=using)
  File "D:\Programming\JANGO\Homeworks\HW1\venv\lib\site-packages\django\template\loader.py", line 15, in get_template
    return engine.get_template(template_name)
  File "D:\Programming\JANGO\Homeworks\HW1\venv\lib\site-packages\django\template\backends\django.py", line 33, in get_template
    return Template(self.engine.get_template(template_name), self)
  File "D:\Programming\JANGO\Homeworks\HW1\venv\lib\site-packages\django\template\engine.py", line 175, in get_template
    template, origin = self.find_template(template_name)
  File "D:\Programming\JANGO\Homeworks\HW1\venv\lib\site-packages\django\template\engine.py", line 157, in find_template
    template = loader.get_template(name, skip=skip)
  File "D:\Programming\JANGO\Homeworks\HW1\venv\lib\site-packages\django\template\loaders\cached.py", line 57, in get_template
    template = super().get_template(template_name, skip)
  File "D:\Programming\JANGO\Homeworks\HW1\venv\lib\site-packages\django\template\loaders\base.py", line 28, in get_template
    return Template(
  File "D:\Programming\JANGO\Homeworks\HW1\venv\lib\site-packages\django\template\base.py", line 154, in __init__
    self.nodelist = self.compile_nodelist()
  File "D:\Programming\JANGO\Homeworks\HW1\venv\lib\site-packages\django\template\base.py", line 200, in compile_nodelist
    return parser.parse()
  File "D:\Programming\JANGO\Homeworks\HW1\venv\lib\site-packages\django\template\base.py", line 513, in parse
    raise self.error(token, e)
  File "D:\Programming\JANGO\Homeworks\HW1\venv\lib\site-packages\django\template\base.py", line 511, in parse
    compiled_result = compile_func(self, token)
  File "D:\Programming\JANGO\Homeworks\HW1\venv\lib\site-packages\django\template\loader_tags.py", line 293, in do_extends
    nodelist = parser.parse()
  File "D:\Programming\JANGO\Homeworks\HW1\venv\lib\site-packages\django\template\base.py", line 513, in parse
    raise self.error(token, e)
  File "D:\Programming\JANGO\Homeworks\HW1\venv\lib\site-packages\django\template\base.py", line 511, in parse
    compiled_result = compile_func(self, token)
  File "D:\Programming\JANGO\Homeworks\HW1\venv\lib\site-packages\django\template\loader_tags.py", line 232, in do_block
    nodelist = parser.parse(("endblock",))
  File "D:\Programming\JANGO\Homeworks\HW1\venv\lib\site-packages\django\template\base.py", line 507, in parse
    self.invalid_block_tag(token, command, parse_until)
  File "D:\Programming\JANGO\Homeworks\HW1\venv\lib\site-packages\django\template\base.py", line 558, in invalid_block_tag
    raise self.error(
django.template.exceptions.TemplateSyntaxError: Invalid block tag on line 4: 'static', expected 'endblock'. Did you forget to register or load this tag?
ERROR 2023-07-26 19:09:40,320 basehttp 3972 1232"GET /about/ HTTP/1.1" 500 163759
INFO 2023-07-26 19:09:42,667 basehttp 3972 12932"GET / HTTP/1.1" 200 663
WARNING 2023-07-26 19:09:42,768 basehttp 3972 12932"GET /static/css/styles.css HTTP/1.1" 404 1801
INFO 2023-07-26 19:10:47,854 autoreload 3220 14288Watching for file changes with StatReloader
INFO 2023-07-26 19:10:51,986 basehttp 3220 7096"GET / HTTP/1.1" 200 663
WARNING 2023-07-26 19:10:52,110 basehttp 3220 7096"GET /static/css/styles.css HTTP/1.1" 404 1801
INFO 2023-07-26 19:11:41,856 autoreload 11716 5220Watching for file changes with StatReloader
INFO 2023-07-26 19:11:46,764 basehttp 11716 14656"GET / HTTP/1.1" 200 662
INFO 2023-07-26 19:11:47,185 basehttp 11716 14656"GET /static/css/style.css HTTP/1.1" 200 96
ERROR 2023-07-26 19:12:38,556 log 11716 14656Internal Server Error: /about/
Traceback (most recent call last):
  File "D:\Programming\JANGO\Homeworks\HW1\venv\lib\site-packages\django\template\base.py", line 505, in parse
    compile_func = self.tags[command]
KeyError: 'static'

During handling of the above exception, another exception occurred:

Traceback (most recent call last):
  File "D:\Programming\JANGO\Homeworks\HW1\venv\lib\site-packages\django\core\handlers\exception.py", line 55, in inner
    response = get_response(request)
  File "D:\Programming\JANGO\Homeworks\HW1\venv\lib\site-packages\django\core\handlers\base.py", line 197, in _get_response
    response = wrapped_callback(request, *callback_args, **callback_kwargs)
  File "D:\Programming\JANGO\Homeworks\HW1\homework_1\myapp\views.py", line 9, in about
    return render(request, "about_me.html")
  File "D:\Programming\JANGO\Homeworks\HW1\venv\lib\site-packages\django\shortcuts.py", line 24, in render
    content = loader.render_to_string(template_name, context, request, using=using)
  File "D:\Programming\JANGO\Homeworks\HW1\venv\lib\site-packages\django\template\loader.py", line 61, in render_to_string
    template = get_template(template_name, using=using)
  File "D:\Programming\JANGO\Homeworks\HW1\venv\lib\site-packages\django\template\loader.py", line 15, in get_template
    return engine.get_template(template_name)
  File "D:\Programming\JANGO\Homeworks\HW1\venv\lib\site-packages\django\template\backends\django.py", line 33, in get_template
    return Template(self.engine.get_template(template_name), self)
  File "D:\Programming\JANGO\Homeworks\HW1\venv\lib\site-packages\django\template\engine.py", line 175, in get_template
    template, origin = self.find_template(template_name)
  File "D:\Programming\JANGO\Homeworks\HW1\venv\lib\site-packages\django\template\engine.py", line 157, in find_template
    template = loader.get_template(name, skip=skip)
  File "D:\Programming\JANGO\Homeworks\HW1\venv\lib\site-packages\django\template\loaders\cached.py", line 57, in get_template
    template = super().get_template(template_name, skip)
  File "D:\Programming\JANGO\Homeworks\HW1\venv\lib\site-packages\django\template\loaders\base.py", line 28, in get_template
    return Template(
  File "D:\Programming\JANGO\Homeworks\HW1\venv\lib\site-packages\django\template\base.py", line 154, in __init__
    self.nodelist = self.compile_nodelist()
  File "D:\Programming\JANGO\Homeworks\HW1\venv\lib\site-packages\django\template\base.py", line 200, in compile_nodelist
    return parser.parse()
  File "D:\Programming\JANGO\Homeworks\HW1\venv\lib\site-packages\django\template\base.py", line 513, in parse
    raise self.error(token, e)
  File "D:\Programming\JANGO\Homeworks\HW1\venv\lib\site-packages\django\template\base.py", line 511, in parse
    compiled_result = compile_func(self, token)
  File "D:\Programming\JANGO\Homeworks\HW1\venv\lib\site-packages\django\template\loader_tags.py", line 293, in do_extends
    nodelist = parser.parse()
  File "D:\Programming\JANGO\Homeworks\HW1\venv\lib\site-packages\django\template\base.py", line 513, in parse
    raise self.error(token, e)
  File "D:\Programming\JANGO\Homeworks\HW1\venv\lib\site-packages\django\template\base.py", line 511, in parse
    compiled_result = compile_func(self, token)
  File "D:\Programming\JANGO\Homeworks\HW1\venv\lib\site-packages\django\template\loader_tags.py", line 232, in do_block
    nodelist = parser.parse(("endblock",))
  File "D:\Programming\JANGO\Homeworks\HW1\venv\lib\site-packages\django\template\base.py", line 507, in parse
    self.invalid_block_tag(token, command, parse_until)
  File "D:\Programming\JANGO\Homeworks\HW1\venv\lib\site-packages\django\template\base.py", line 558, in invalid_block_tag
    raise self.error(
django.template.exceptions.TemplateSyntaxError: Invalid block tag on line 4: 'static', expected 'endblock'. Did you forget to register or load this tag?
ERROR 2023-07-26 19:12:38,576 basehttp 11716 14656"GET /about/ HTTP/1.1" 500 163485
ERROR 2023-07-26 19:16:16,839 log 11716 14656Internal Server Error: /about/
Traceback (most recent call last):
  File "D:\Programming\JANGO\Homeworks\HW1\venv\lib\site-packages\django\template\base.py", line 505, in parse
    compile_func = self.tags[command]
KeyError: 'static'

During handling of the above exception, another exception occurred:

Traceback (most recent call last):
  File "D:\Programming\JANGO\Homeworks\HW1\venv\lib\site-packages\django\core\handlers\exception.py", line 55, in inner
    response = get_response(request)
  File "D:\Programming\JANGO\Homeworks\HW1\venv\lib\site-packages\django\core\handlers\base.py", line 197, in _get_response
    response = wrapped_callback(request, *callback_args, **callback_kwargs)
  File "D:\Programming\JANGO\Homeworks\HW1\homework_1\myapp\views.py", line 9, in about
    return render(request, "about_me.html")
  File "D:\Programming\JANGO\Homeworks\HW1\venv\lib\site-packages\django\shortcuts.py", line 24, in render
    content = loader.render_to_string(template_name, context, request, using=using)
  File "D:\Programming\JANGO\Homeworks\HW1\venv\lib\site-packages\django\template\loader.py", line 61, in render_to_string
    template = get_template(template_name, using=using)
  File "D:\Programming\JANGO\Homeworks\HW1\venv\lib\site-packages\django\template\loader.py", line 15, in get_template
    return engine.get_template(template_name)
  File "D:\Programming\JANGO\Homeworks\HW1\venv\lib\site-packages\django\template\backends\django.py", line 33, in get_template
    return Template(self.engine.get_template(template_name), self)
  File "D:\Programming\JANGO\Homeworks\HW1\venv\lib\site-packages\django\template\engine.py", line 175, in get_template
    template, origin = self.find_template(template_name)
  File "D:\Programming\JANGO\Homeworks\HW1\venv\lib\site-packages\django\template\engine.py", line 157, in find_template
    template = loader.get_template(name, skip=skip)
  File "D:\Programming\JANGO\Homeworks\HW1\venv\lib\site-packages\django\template\loaders\cached.py", line 57, in get_template
    template = super().get_template(template_name, skip)
  File "D:\Programming\JANGO\Homeworks\HW1\venv\lib\site-packages\django\template\loaders\base.py", line 28, in get_template
    return Template(
  File "D:\Programming\JANGO\Homeworks\HW1\venv\lib\site-packages\django\template\base.py", line 154, in __init__
    self.nodelist = self.compile_nodelist()
  File "D:\Programming\JANGO\Homeworks\HW1\venv\lib\site-packages\django\template\base.py", line 200, in compile_nodelist
    return parser.parse()
  File "D:\Programming\JANGO\Homeworks\HW1\venv\lib\site-packages\django\template\base.py", line 513, in parse
    raise self.error(token, e)
  File "D:\Programming\JANGO\Homeworks\HW1\venv\lib\site-packages\django\template\base.py", line 511, in parse
    compiled_result = compile_func(self, token)
  File "D:\Programming\JANGO\Homeworks\HW1\venv\lib\site-packages\django\template\loader_tags.py", line 293, in do_extends
    nodelist = parser.parse()
  File "D:\Programming\JANGO\Homeworks\HW1\venv\lib\site-packages\django\template\base.py", line 513, in parse
    raise self.error(token, e)
  File "D:\Programming\JANGO\Homeworks\HW1\venv\lib\site-packages\django\template\base.py", line 511, in parse
    compiled_result = compile_func(self, token)
  File "D:\Programming\JANGO\Homeworks\HW1\venv\lib\site-packages\django\template\loader_tags.py", line 232, in do_block
    nodelist = parser.parse(("endblock",))
  File "D:\Programming\JANGO\Homeworks\HW1\venv\lib\site-packages\django\template\base.py", line 507, in parse
    self.invalid_block_tag(token, command, parse_until)
  File "D:\Programming\JANGO\Homeworks\HW1\venv\lib\site-packages\django\template\base.py", line 558, in invalid_block_tag
    raise self.error(
django.template.exceptions.TemplateSyntaxError: Invalid block tag on line 4: 'static', expected 'endblock'. Did you forget to register or load this tag?
ERROR 2023-07-26 19:16:16,862 basehttp 11716 14656"GET /about/ HTTP/1.1" 500 163622
INFO 2023-07-26 19:21:19,929 basehttp 11716 2960"GET /about/ HTTP/1.1" 200 1286
INFO 2023-07-26 19:21:20,019 basehttp 11716 2960"GET /static/css/style.css HTTP/1.1" 304 0
INFO 2023-07-26 19:21:20,083 basehttp 11716 7628"GET /static/images/Student.svg HTTP/1.1" 200 37445
INFO 2023-07-26 19:21:53,812 basehttp 11716 7628"GET /about/ HTTP/1.1" 200 1286
INFO 2023-07-26 19:25:45,532 autoreload 8580 1756Watching for file changes with StatReloader
ERROR 2023-07-26 19:25:48,984 log 8580 288Internal Server Error: /about/
Traceback (most recent call last):
  File "D:\Programming\JANGO\Homeworks\HW1\venv\lib\site-packages\django\template\base.py", line 505, in parse
    compile_func = self.tags[command]
KeyError: 'static'

During handling of the above exception, another exception occurred:

Traceback (most recent call last):
  File "D:\Programming\JANGO\Homeworks\HW1\venv\lib\site-packages\django\core\handlers\exception.py", line 55, in inner
    response = get_response(request)
  File "D:\Programming\JANGO\Homeworks\HW1\venv\lib\site-packages\django\core\handlers\base.py", line 197, in _get_response
    response = wrapped_callback(request, *callback_args, **callback_kwargs)
  File "D:\Programming\JANGO\Homeworks\HW1\homework_1\myapp\views.py", line 9, in about
    return render(request, "about_me.html")
  File "D:\Programming\JANGO\Homeworks\HW1\venv\lib\site-packages\django\shortcuts.py", line 24, in render
    content = loader.render_to_string(template_name, context, request, using=using)
  File "D:\Programming\JANGO\Homeworks\HW1\venv\lib\site-packages\django\template\loader.py", line 61, in render_to_string
    template = get_template(template_name, using=using)
  File "D:\Programming\JANGO\Homeworks\HW1\venv\lib\site-packages\django\template\loader.py", line 15, in get_template
    return engine.get_template(template_name)
  File "D:\Programming\JANGO\Homeworks\HW1\venv\lib\site-packages\django\template\backends\django.py", line 33, in get_template
    return Template(self.engine.get_template(template_name), self)
  File "D:\Programming\JANGO\Homeworks\HW1\venv\lib\site-packages\django\template\engine.py", line 175, in get_template
    template, origin = self.find_template(template_name)
  File "D:\Programming\JANGO\Homeworks\HW1\venv\lib\site-packages\django\template\engine.py", line 157, in find_template
    template = loader.get_template(name, skip=skip)
  File "D:\Programming\JANGO\Homeworks\HW1\venv\lib\site-packages\django\template\loaders\cached.py", line 57, in get_template
    template = super().get_template(template_name, skip)
  File "D:\Programming\JANGO\Homeworks\HW1\venv\lib\site-packages\django\template\loaders\base.py", line 28, in get_template
    return Template(
  File "D:\Programming\JANGO\Homeworks\HW1\venv\lib\site-packages\django\template\base.py", line 154, in __init__
    self.nodelist = self.compile_nodelist()
  File "D:\Programming\JANGO\Homeworks\HW1\venv\lib\site-packages\django\template\base.py", line 200, in compile_nodelist
    return parser.parse()
  File "D:\Programming\JANGO\Homeworks\HW1\venv\lib\site-packages\django\template\base.py", line 513, in parse
    raise self.error(token, e)
  File "D:\Programming\JANGO\Homeworks\HW1\venv\lib\site-packages\django\template\base.py", line 511, in parse
    compiled_result = compile_func(self, token)
  File "D:\Programming\JANGO\Homeworks\HW1\venv\lib\site-packages\django\template\loader_tags.py", line 293, in do_extends
    nodelist = parser.parse()
  File "D:\Programming\JANGO\Homeworks\HW1\venv\lib\site-packages\django\template\base.py", line 513, in parse
    raise self.error(token, e)
  File "D:\Programming\JANGO\Homeworks\HW1\venv\lib\site-packages\django\template\base.py", line 511, in parse
    compiled_result = compile_func(self, token)
  File "D:\Programming\JANGO\Homeworks\HW1\venv\lib\site-packages\django\template\loader_tags.py", line 232, in do_block
    nodelist = parser.parse(("endblock",))
  File "D:\Programming\JANGO\Homeworks\HW1\venv\lib\site-packages\django\template\base.py", line 507, in parse
    self.invalid_block_tag(token, command, parse_until)
  File "D:\Programming\JANGO\Homeworks\HW1\venv\lib\site-packages\django\template\base.py", line 558, in invalid_block_tag
    raise self.error(
django.template.exceptions.TemplateSyntaxError: Invalid block tag on line 4: 'static', expected 'endblock'. Did you forget to register or load this tag?
ERROR 2023-07-26 19:25:49,015 basehttp 8580 288"GET /about/ HTTP/1.1" 500 163622
ERROR 2023-07-26 19:29:04,221 log 8580 288Internal Server Error: /about/
Traceback (most recent call last):
  File "D:\Programming\JANGO\Homeworks\HW1\venv\lib\site-packages\django\template\base.py", line 505, in parse
    compile_func = self.tags[command]
KeyError: 'static'

During handling of the above exception, another exception occurred:

Traceback (most recent call last):
  File "D:\Programming\JANGO\Homeworks\HW1\venv\lib\site-packages\django\core\handlers\exception.py", line 55, in inner
    response = get_response(request)
  File "D:\Programming\JANGO\Homeworks\HW1\venv\lib\site-packages\django\core\handlers\base.py", line 197, in _get_response
    response = wrapped_callback(request, *callback_args, **callback_kwargs)
  File "D:\Programming\JANGO\Homeworks\HW1\homework_1\myapp\views.py", line 9, in about
    return render(request, "about_me.html")
  File "D:\Programming\JANGO\Homeworks\HW1\venv\lib\site-packages\django\shortcuts.py", line 24, in render
    content = loader.render_to_string(template_name, context, request, using=using)
  File "D:\Programming\JANGO\Homeworks\HW1\venv\lib\site-packages\django\template\loader.py", line 61, in render_to_string
    template = get_template(template_name, using=using)
  File "D:\Programming\JANGO\Homeworks\HW1\venv\lib\site-packages\django\template\loader.py", line 15, in get_template
    return engine.get_template(template_name)
  File "D:\Programming\JANGO\Homeworks\HW1\venv\lib\site-packages\django\template\backends\django.py", line 33, in get_template
    return Template(self.engine.get_template(template_name), self)
  File "D:\Programming\JANGO\Homeworks\HW1\venv\lib\site-packages\django\template\engine.py", line 175, in get_template
    template, origin = self.find_template(template_name)
  File "D:\Programming\JANGO\Homeworks\HW1\venv\lib\site-packages\django\template\engine.py", line 157, in find_template
    template = loader.get_template(name, skip=skip)
  File "D:\Programming\JANGO\Homeworks\HW1\venv\lib\site-packages\django\template\loaders\cached.py", line 57, in get_template
    template = super().get_template(template_name, skip)
  File "D:\Programming\JANGO\Homeworks\HW1\venv\lib\site-packages\django\template\loaders\base.py", line 28, in get_template
    return Template(
  File "D:\Programming\JANGO\Homeworks\HW1\venv\lib\site-packages\django\template\base.py", line 154, in __init__
    self.nodelist = self.compile_nodelist()
  File "D:\Programming\JANGO\Homeworks\HW1\venv\lib\site-packages\django\template\base.py", line 200, in compile_nodelist
    return parser.parse()
  File "D:\Programming\JANGO\Homeworks\HW1\venv\lib\site-packages\django\template\base.py", line 513, in parse
    raise self.error(token, e)
  File "D:\Programming\JANGO\Homeworks\HW1\venv\lib\site-packages\django\template\base.py", line 511, in parse
    compiled_result = compile_func(self, token)
  File "D:\Programming\JANGO\Homeworks\HW1\venv\lib\site-packages\django\template\loader_tags.py", line 293, in do_extends
    nodelist = parser.parse()
  File "D:\Programming\JANGO\Homeworks\HW1\venv\lib\site-packages\django\template\base.py", line 513, in parse
    raise self.error(token, e)
  File "D:\Programming\JANGO\Homeworks\HW1\venv\lib\site-packages\django\template\base.py", line 511, in parse
    compiled_result = compile_func(self, token)
  File "D:\Programming\JANGO\Homeworks\HW1\venv\lib\site-packages\django\template\loader_tags.py", line 232, in do_block
    nodelist = parser.parse(("endblock",))
  File "D:\Programming\JANGO\Homeworks\HW1\venv\lib\site-packages\django\template\base.py", line 507, in parse
    self.invalid_block_tag(token, command, parse_until)
  File "D:\Programming\JANGO\Homeworks\HW1\venv\lib\site-packages\django\template\base.py", line 558, in invalid_block_tag
    raise self.error(
django.template.exceptions.TemplateSyntaxError: Invalid block tag on line 4: 'static', expected 'endblock'. Did you forget to register or load this tag?
ERROR 2023-07-26 19:29:04,262 basehttp 8580 288"GET /about/ HTTP/1.1" 500 165015
ERROR 2023-07-26 19:30:10,555 log 8580 288Internal Server Error: /about/
Traceback (most recent call last):
  File "D:\Programming\JANGO\Homeworks\HW1\venv\lib\site-packages\django\template\base.py", line 505, in parse
    compile_func = self.tags[command]
KeyError: 'endblock'

During handling of the above exception, another exception occurred:

Traceback (most recent call last):
  File "D:\Programming\JANGO\Homeworks\HW1\venv\lib\site-packages\django\core\handlers\exception.py", line 55, in inner
    response = get_response(request)
  File "D:\Programming\JANGO\Homeworks\HW1\venv\lib\site-packages\django\core\handlers\base.py", line 197, in _get_response
    response = wrapped_callback(request, *callback_args, **callback_kwargs)
  File "D:\Programming\JANGO\Homeworks\HW1\homework_1\myapp\views.py", line 9, in about
    return render(request, "about_me.html")
  File "D:\Programming\JANGO\Homeworks\HW1\venv\lib\site-packages\django\shortcuts.py", line 24, in render
    content = loader.render_to_string(template_name, context, request, using=using)
  File "D:\Programming\JANGO\Homeworks\HW1\venv\lib\site-packages\django\template\loader.py", line 61, in render_to_string
    template = get_template(template_name, using=using)
  File "D:\Programming\JANGO\Homeworks\HW1\venv\lib\site-packages\django\template\loader.py", line 15, in get_template
    return engine.get_template(template_name)
  File "D:\Programming\JANGO\Homeworks\HW1\venv\lib\site-packages\django\template\backends\django.py", line 33, in get_template
    return Template(self.engine.get_template(template_name), self)
  File "D:\Programming\JANGO\Homeworks\HW1\venv\lib\site-packages\django\template\engine.py", line 175, in get_template
    template, origin = self.find_template(template_name)
  File "D:\Programming\JANGO\Homeworks\HW1\venv\lib\site-packages\django\template\engine.py", line 157, in find_template
    template = loader.get_template(name, skip=skip)
  File "D:\Programming\JANGO\Homeworks\HW1\venv\lib\site-packages\django\template\loaders\cached.py", line 57, in get_template
    template = super().get_template(template_name, skip)
  File "D:\Programming\JANGO\Homeworks\HW1\venv\lib\site-packages\django\template\loaders\base.py", line 28, in get_template
    return Template(
  File "D:\Programming\JANGO\Homeworks\HW1\venv\lib\site-packages\django\template\base.py", line 154, in __init__
    self.nodelist = self.compile_nodelist()
  File "D:\Programming\JANGO\Homeworks\HW1\venv\lib\site-packages\django\template\base.py", line 200, in compile_nodelist
    return parser.parse()
  File "D:\Programming\JANGO\Homeworks\HW1\venv\lib\site-packages\django\template\base.py", line 513, in parse
    raise self.error(token, e)
  File "D:\Programming\JANGO\Homeworks\HW1\venv\lib\site-packages\django\template\base.py", line 511, in parse
    compiled_result = compile_func(self, token)
  File "D:\Programming\JANGO\Homeworks\HW1\venv\lib\site-packages\django\template\loader_tags.py", line 293, in do_extends
    nodelist = parser.parse()
  File "D:\Programming\JANGO\Homeworks\HW1\venv\lib\site-packages\django\template\base.py", line 507, in parse
    self.invalid_block_tag(token, command, parse_until)
  File "D:\Programming\JANGO\Homeworks\HW1\venv\lib\site-packages\django\template\base.py", line 568, in invalid_block_tag
    raise self.error(
django.template.exceptions.TemplateSyntaxError: Invalid block tag on line 12: 'endblock'. Did you forget to register or load this tag?
ERROR 2023-07-26 19:30:10,575 basehttp 8580 288"GET /about/ HTTP/1.1" 500 149310
INFO 2023-07-26 19:30:21,731 basehttp 8580 288"GET /about/ HTTP/1.1" 200 1286
INFO 2023-07-26 19:30:21,814 basehttp 8580 5088"GET /static/css/style.css HTTP/1.1" 304 0
INFO 2023-07-26 19:30:22,194 basehttp 8580 288"GET /static/images/student.jpg HTTP/1.1" 200 4776607
INFO 2023-07-26 19:34:21,145 autoreload 8580 1756D:\Programming\JANGO\Homeworks\HW1\homework_1\homework_1\settings.py changed, reloading.
INFO 2023-07-26 19:34:22,213 autoreload 7684 2944Watching for file changes with StatReloader
INFO 2023-07-26 19:36:27,962 autoreload 4660 1256Watching for file changes with StatReloader
INFO 2023-07-26 19:36:51,531 autoreload 11632 12340Watching for file changes with StatReloader
INFO 2023-07-26 19:42:21,343 basehttp 11632 10412"GET /about/ HTTP/1.1" 200 1428
INFO 2023-07-26 19:42:21,432 basehttp 11632 10412"GET /static/css/style.css HTTP/1.1" 304 0
INFO 2023-07-26 19:42:21,441 basehttp 11632 14944"GET /static/images/student.jpg HTTP/1.1" 304 0
INFO 2023-07-26 19:43:02,712 autoreload 13388 8672Watching for file changes with StatReloader
INFO 2023-07-26 19:43:06,418 basehttp 13388 1116"GET /about/ HTTP/1.1" 200 1428
INFO 2023-07-26 19:43:21,801 basehttp 13388 8976"GET /static/images/student.jpg HTTP/1.1" 200 4776607
INFO 2023-07-26 19:44:11,143 basehttp 13388 1116"GET /about/ HTTP/1.1" 200 1428
INFO 2023-07-26 19:44:11,233 basehttp 13388 1116"GET /static/images/student.jpg HTTP/1.1" 304 0
INFO 2023-07-26 19:44:15,036 basehttp 13388 1116"GET /about/ HTTP/1.1" 200 1428
INFO 2023-07-26 19:44:29,891 basehttp 13388 1116"GET /about/ HTTP/1.1" 200 1428
INFO 2023-07-26 19:44:45,429 basehttp 13388 1116"GET / HTTP/1.1" 200 711
INFO 2023-07-26 19:45:57,620 basehttp 13388 1116"GET / HTTP/1.1" 200 718
INFO 2023-07-26 19:46:10,883 basehttp 13388 1116"GET / HTTP/1.1" 200 718
INFO 2023-07-26 19:46:55,391 autoreload 7868 10368Watching for file changes with StatReloader
INFO 2023-07-26 19:46:58,029 basehttp 7868 10412"GET / HTTP/1.1" 200 718
INFO 2023-07-26 19:50:32,137 basehttp 7868 10412"GET / HTTP/1.1" 200 718
INFO 2023-07-26 19:50:32,579 basehttp 7868 10412"GET /static/css/style.css HTTP/1.1" 200 167
INFO 2023-07-26 19:50:47,576 basehttp 7868 10412"GET / HTTP/1.1" 200 718
INFO 2023-07-26 19:50:47,656 basehttp 7868 10412"GET /static/css/style.css HTTP/1.1" 200 167
INFO 2023-07-26 20:02:20,590 basehttp 7868 13656"GET / HTTP/1.1" 200 718
INFO 2023-07-26 20:02:20,689 basehttp 7868 13656"GET /static/css/style.css HTTP/1.1" 200 243
INFO 2023-07-26 20:03:39,036 basehttp 7868 13656"GET / HTTP/1.1" 200 738
INFO 2023-07-26 20:03:39,112 basehttp 7868 13656"GET /static/css/style.css HTTP/1.1" 200 370
INFO 2023-07-26 20:03:48,261 basehttp 7868 13656"GET / HTTP/1.1" 200 738
INFO 2023-07-26 20:03:48,352 basehttp 7868 13656"GET /static/css/style.css HTTP/1.1" 200 370
INFO 2023-07-26 20:04:17,509 basehttp 7868 13656"GET / HTTP/1.1" 200 738
INFO 2023-07-26 20:04:17,604 basehttp 7868 13656"GET /static/css/style.css HTTP/1.1" 200 516
INFO 2023-07-26 20:04:33,378 basehttp 7868 13656"GET / HTTP/1.1" 200 731
INFO 2023-07-26 20:04:33,433 basehttp 7868 13656"GET /static/css/style.css HTTP/1.1" 200 515
INFO 2023-07-26 20:05:14,997 basehttp 7868 13656"GET / HTTP/1.1" 200 731
INFO 2023-07-26 20:05:15,088 basehttp 7868 13656"GET /static/css/style.css HTTP/1.1" 200 658
INFO 2023-07-26 20:05:24,157 basehttp 7868 13656"GET / HTTP/1.1" 200 731
INFO 2023-07-26 20:05:24,235 basehttp 7868 13656"GET /static/css/style.css HTTP/1.1" 200 658
INFO 2023-07-26 20:05:55,849 basehttp 7868 13656"GET / HTTP/1.1" 200 731
INFO 2023-07-26 20:05:55,933 basehttp 7868 13656"GET /static/css/style.css HTTP/1.1" 200 764
INFO 2023-07-26 20:06:16,051 basehttp 7868 13656"GET /about/ HTTP/1.1" 200 1428
INFO 2023-07-26 20:06:16,129 basehttp 7868 13656"GET /static/css/style.css HTTP/1.1" 304 0
INFO 2023-07-26 20:06:16,142 basehttp 7868 13656"GET /static/images/student.jpg HTTP/1.1" 304 0
INFO 2023-07-26 20:07:00,875 basehttp 7868 13656"GET /about/ HTTP/1.1" 200 1428
INFO 2023-07-26 20:07:00,955 basehttp 7868 13656"GET /static/css/style.css HTTP/1.1" 200 801
INFO 2023-07-26 20:07:23,590 basehttp 7868 13656"GET /about/ HTTP/1.1" 200 1428
INFO 2023-07-26 20:07:23,681 basehttp 7868 13656"GET /static/css/style.css HTTP/1.1" 200 821
INFO 2023-07-26 20:07:50,334 basehttp 7868 13656"GET /about/ HTTP/1.1" 200 1428
INFO 2023-07-26 20:07:50,417 basehttp 7868 13656"GET /static/css/style.css HTTP/1.1" 200 821
INFO 2023-07-26 20:08:56,299 basehttp 7868 13656"GET /about/ HTTP/1.1" 200 1448
INFO 2023-07-26 20:08:56,410 basehttp 7868 13656"GET /static/css/style.css HTTP/1.1" 200 827
INFO 2023-07-26 20:09:12,554 basehttp 7868 13656"GET / HTTP/1.1" 200 731
INFO 2023-07-26 20:09:12,625 basehttp 7868 13656"GET /static/css/style.css HTTP/1.1" 304 0
INFO 2023-08-04 20:34:35,673 autoreload 17596 17152Watching for file changes with StatReloader
INFO 2023-08-04 20:34:45,745 basehttp 17596 17852"GET / HTTP/1.1" 200 731
INFO 2023-08-04 20:34:46,236 basehttp 17596 17852"GET /static/css/style.css HTTP/1.1" 200 827
WARNING 2023-08-04 20:34:46,939 log 17596 17852Not Found: /favicon.ico
WARNING 2023-08-04 20:34:46,939 basehttp 17596 17852"GET /favicon.ico HTTP/1.1" 404 2548
ERROR 2023-08-04 20:35:30,815 log 17596 17852Internal Server Error: /client/orders/2/
Traceback (most recent call last):
  File "D:\Programming\JANGO\Homeworks\HW1\venv\lib\site-packages\django\core\handlers\exception.py", line 55, in inner
    response = get_response(request)
  File "D:\Programming\JANGO\Homeworks\HW1\venv\lib\site-packages\django\core\handlers\base.py", line 197, in _get_response
    response = wrapped_callback(request, *callback_args, **callback_kwargs)
  File "D:\Programming\JANGO\Homeworks\HW1\homeworks\hw2\views.py", line 10, in last_orders
    date_of_order__gte=datetime.now() - timedelta(months=1))
TypeError: 'months' is an invalid keyword argument for __new__()
ERROR 2023-08-04 20:35:30,819 basehttp 17596 17852"GET /client/orders/2/ HTTP/1.1" 500 69303
INFO 2023-08-04 20:36:25,750 autoreload 17596 17152D:\Programming\JANGO\Homeworks\HW1\homeworks\hw2\views.py changed, reloading.
INFO 2023-08-04 20:36:27,433 autoreload 16544 18408Watching for file changes with StatReloader
ERROR 2023-08-04 20:36:32,439 log 16544 15896Internal Server Error: /client/orders/2/
Traceback (most recent call last):
  File "D:\Programming\JANGO\Homeworks\HW1\venv\lib\site-packages\django\core\handlers\exception.py", line 55, in inner
    response = get_response(request)
  File "D:\Programming\JANGO\Homeworks\HW1\venv\lib\site-packages\django\core\handlers\base.py", line 197, in _get_response
    response = wrapped_callback(request, *callback_args, **callback_kwargs)
  File "D:\Programming\JANGO\Homeworks\HW1\homeworks\hw2\views.py", line 10, in last_orders
    date_of_order__gte=datetime.now() - timedelta(month=1))
TypeError: 'month' is an invalid keyword argument for __new__()
ERROR 2023-08-04 20:36:32,447 basehttp 16544 15896"GET /client/orders/2/ HTTP/1.1" 500 69433
INFO 2023-08-04 20:38:56,922 autoreload 16544 18408D:\Programming\JANGO\Homeworks\HW1\homeworks\hw2\views.py changed, reloading.
INFO 2023-08-04 20:38:58,658 autoreload 9044 12208Watching for file changes with StatReloader
INFO 2023-08-04 20:39:03,972 basehttp 9044 11908"GET /client/orders/2/ HTTP/1.1" 200 873
INFO 2023-08-04 20:40:11,774 autoreload 9044 12208D:\Programming\JANGO\Homeworks\HW1\homeworks\hw2\views.py changed, reloading.
INFO 2023-08-04 20:40:13,103 autoreload 17624 17464Watching for file changes with StatReloader
INFO 2023-08-04 20:40:15,537 basehttp 17624 17920"GET /client/orders/2/ HTTP/1.1" 200 733
INFO 2023-08-04 20:40:22,051 autoreload 17624 17464D:\Programming\JANGO\Homeworks\HW1\homeworks\hw2\views.py changed, reloading.
INFO 2023-08-04 20:40:23,474 autoreload 18180 17424Watching for file changes with StatReloader
INFO 2023-08-04 20:40:26,079 basehttp 18180 17272"GET /client/orders/2/ HTTP/1.1" 200 873
INFO 2023-08-04 20:44:24,799 autoreload 18180 17424D:\Programming\JANGO\Homeworks\HW1\homeworks\hw2\models.py changed, reloading.
INFO 2023-08-04 20:44:25,949 autoreload 17520 6956Watching for file changes with StatReloader
ERROR 2023-08-04 20:44:29,279 log 17520 13416Internal Server Error: /client/orders/2/
Traceback (most recent call last):
  File "D:\Programming\JANGO\Homeworks\HW1\venv\lib\site-packages\django\core\handlers\exception.py", line 55, in inner
    response = get_response(request)
  File "D:\Programming\JANGO\Homeworks\HW1\venv\lib\site-packages\django\core\handlers\base.py", line 197, in _get_response
    response = wrapped_callback(request, *callback_args, **callback_kwargs)
  File "D:\Programming\JANGO\Homeworks\HW1\homeworks\hw2\views.py", line 19, in last_orders
    return render(request, 'hw2/show_orders.html', context)
  File "D:\Programming\JANGO\Homeworks\HW1\venv\lib\site-packages\django\shortcuts.py", line 24, in render
    content = loader.render_to_string(template_name, context, request, using=using)
  File "D:\Programming\JANGO\Homeworks\HW1\venv\lib\site-packages\django\template\loader.py", line 62, in render_to_string
    return template.render(context, request)
  File "D:\Programming\JANGO\Homeworks\HW1\venv\lib\site-packages\django\template\backends\django.py", line 61, in render
    return self.template.render(context)
  File "D:\Programming\JANGO\Homeworks\HW1\venv\lib\site-packages\django\template\base.py", line 175, in render
    return self._render(context)
  File "D:\Programming\JANGO\Homeworks\HW1\venv\lib\site-packages\django\template\base.py", line 167, in _render
    return self.nodelist.render(context)
  File "D:\Programming\JANGO\Homeworks\HW1\venv\lib\site-packages\django\template\base.py", line 1005, in render
    return SafeString("".join([node.render_annotated(context) for node in self]))
  File "D:\Programming\JANGO\Homeworks\HW1\venv\lib\site-packages\django\template\base.py", line 1005, in <listcomp>
    return SafeString("".join([node.render_annotated(context) for node in self]))
  File "D:\Programming\JANGO\Homeworks\HW1\venv\lib\site-packages\django\template\base.py", line 966, in render_annotated
    return self.render(context)
  File "D:\Programming\JANGO\Homeworks\HW1\venv\lib\site-packages\django\template\loader_tags.py", line 157, in render
    return compiled_parent._render(context)
  File "D:\Programming\JANGO\Homeworks\HW1\venv\lib\site-packages\django\template\base.py", line 167, in _render
    return self.nodelist.render(context)
  File "D:\Programming\JANGO\Homeworks\HW1\venv\lib\site-packages\django\template\base.py", line 1005, in render
    return SafeString("".join([node.render_annotated(context) for node in self]))
  File "D:\Programming\JANGO\Homeworks\HW1\venv\lib\site-packages\django\template\base.py", line 1005, in <listcomp>
    return SafeString("".join([node.render_annotated(context) for node in self]))
  File "D:\Programming\JANGO\Homeworks\HW1\venv\lib\site-packages\django\template\base.py", line 966, in render_annotated
    return self.render(context)
  File "D:\Programming\JANGO\Homeworks\HW1\venv\lib\site-packages\django\template\loader_tags.py", line 63, in render
    result = block.nodelist.render(context)
  File "D:\Programming\JANGO\Homeworks\HW1\venv\lib\site-packages\django\template\base.py", line 1005, in render
    return SafeString("".join([node.render_annotated(context) for node in self]))
  File "D:\Programming\JANGO\Homeworks\HW1\venv\lib\site-packages\django\template\base.py", line 1005, in <listcomp>
    return SafeString("".join([node.render_annotated(context) for node in self]))
  File "D:\Programming\JANGO\Homeworks\HW1\venv\lib\site-packages\django\template\base.py", line 966, in render_annotated
    return self.render(context)
  File "D:\Programming\JANGO\Homeworks\HW1\venv\lib\site-packages\django\template\defaulttags.py", line 238, in render
    nodelist.append(node.render_annotated(context))
  File "D:\Programming\JANGO\Homeworks\HW1\venv\lib\site-packages\django\template\base.py", line 966, in render_annotated
    return self.render(context)
  File "D:\Programming\JANGO\Homeworks\HW1\venv\lib\site-packages\django\template\base.py", line 1070, in render
    return render_value_in_context(output, context)
  File "D:\Programming\JANGO\Homeworks\HW1\venv\lib\site-packages\django\template\base.py", line 1047, in render_value_in_context
    value = str(value)
  File "D:\Programming\JANGO\Homeworks\HW1\homeworks\hw2\models.py", line 34, in __str__
    return f'Client: {self.client}\nProduct: {self.product}\n' \
AttributeError: 'Order' object has no attribute 'product'
ERROR 2023-08-04 20:44:29,310 basehttp 17520 13416"GET /client/orders/2/ HTTP/1.1" 500 166249
INFO 2023-08-04 20:46:02,050 autoreload 17520 6956D:\Programming\JANGO\Homeworks\HW1\homeworks\hw2\models.py changed, reloading.
INFO 2023-08-04 20:46:03,165 autoreload 14740 16500Watching for file changes with StatReloader
ERROR 2023-08-04 20:46:06,305 log 14740 15336Internal Server Error: /client/orders/2/
Traceback (most recent call last):
  File "D:\Programming\JANGO\Homeworks\HW1\venv\lib\site-packages\django\core\handlers\exception.py", line 55, in inner
    response = get_response(request)
  File "D:\Programming\JANGO\Homeworks\HW1\venv\lib\site-packages\django\core\handlers\base.py", line 197, in _get_response
    response = wrapped_callback(request, *callback_args, **callback_kwargs)
  File "D:\Programming\JANGO\Homeworks\HW1\homeworks\hw2\views.py", line 19, in last_orders
    return render(request, 'hw2/show_orders.html', context)
  File "D:\Programming\JANGO\Homeworks\HW1\venv\lib\site-packages\django\shortcuts.py", line 24, in render
    content = loader.render_to_string(template_name, context, request, using=using)
  File "D:\Programming\JANGO\Homeworks\HW1\venv\lib\site-packages\django\template\loader.py", line 62, in render_to_string
    return template.render(context, request)
  File "D:\Programming\JANGO\Homeworks\HW1\venv\lib\site-packages\django\template\backends\django.py", line 61, in render
    return self.template.render(context)
  File "D:\Programming\JANGO\Homeworks\HW1\venv\lib\site-packages\django\template\base.py", line 175, in render
    return self._render(context)
  File "D:\Programming\JANGO\Homeworks\HW1\venv\lib\site-packages\django\template\base.py", line 167, in _render
    return self.nodelist.render(context)
  File "D:\Programming\JANGO\Homeworks\HW1\venv\lib\site-packages\django\template\base.py", line 1005, in render
    return SafeString("".join([node.render_annotated(context) for node in self]))
  File "D:\Programming\JANGO\Homeworks\HW1\venv\lib\site-packages\django\template\base.py", line 1005, in <listcomp>
    return SafeString("".join([node.render_annotated(context) for node in self]))
  File "D:\Programming\JANGO\Homeworks\HW1\venv\lib\site-packages\django\template\base.py", line 966, in render_annotated
    return self.render(context)
  File "D:\Programming\JANGO\Homeworks\HW1\venv\lib\site-packages\django\template\loader_tags.py", line 157, in render
    return compiled_parent._render(context)
  File "D:\Programming\JANGO\Homeworks\HW1\venv\lib\site-packages\django\template\base.py", line 167, in _render
    return self.nodelist.render(context)
  File "D:\Programming\JANGO\Homeworks\HW1\venv\lib\site-packages\django\template\base.py", line 1005, in render
    return SafeString("".join([node.render_annotated(context) for node in self]))
  File "D:\Programming\JANGO\Homeworks\HW1\venv\lib\site-packages\django\template\base.py", line 1005, in <listcomp>
    return SafeString("".join([node.render_annotated(context) for node in self]))
  File "D:\Programming\JANGO\Homeworks\HW1\venv\lib\site-packages\django\template\base.py", line 966, in render_annotated
    return self.render(context)
  File "D:\Programming\JANGO\Homeworks\HW1\venv\lib\site-packages\django\template\loader_tags.py", line 63, in render
    result = block.nodelist.render(context)
  File "D:\Programming\JANGO\Homeworks\HW1\venv\lib\site-packages\django\template\base.py", line 1005, in render
    return SafeString("".join([node.render_annotated(context) for node in self]))
  File "D:\Programming\JANGO\Homeworks\HW1\venv\lib\site-packages\django\template\base.py", line 1005, in <listcomp>
    return SafeString("".join([node.render_annotated(context) for node in self]))
  File "D:\Programming\JANGO\Homeworks\HW1\venv\lib\site-packages\django\template\base.py", line 966, in render_annotated
    return self.render(context)
  File "D:\Programming\JANGO\Homeworks\HW1\venv\lib\site-packages\django\template\defaulttags.py", line 238, in render
    nodelist.append(node.render_annotated(context))
  File "D:\Programming\JANGO\Homeworks\HW1\venv\lib\site-packages\django\template\base.py", line 966, in render_annotated
    return self.render(context)
  File "D:\Programming\JANGO\Homeworks\HW1\venv\lib\site-packages\django\template\base.py", line 1070, in render
    return render_value_in_context(output, context)
  File "D:\Programming\JANGO\Homeworks\HW1\venv\lib\site-packages\django\template\base.py", line 1047, in render_value_in_context
    value = str(value)
  File "D:\Programming\JANGO\Homeworks\HW1\homeworks\hw2\models.py", line 34, in __str__
    return f'Client: {self.client.name}\nProduct: {self.product}\n' \
AttributeError: 'Order' object has no attribute 'product'
ERROR 2023-08-04 20:46:06,326 basehttp 14740 15336"GET /client/orders/2/ HTTP/1.1" 500 166259
ERROR 2023-08-04 20:46:21,523 log 14740 15336Internal Server Error: /client/orders/2/
Traceback (most recent call last):
  File "D:\Programming\JANGO\Homeworks\HW1\venv\lib\site-packages\django\core\handlers\exception.py", line 55, in inner
    response = get_response(request)
  File "D:\Programming\JANGO\Homeworks\HW1\venv\lib\site-packages\django\core\handlers\base.py", line 197, in _get_response
    response = wrapped_callback(request, *callback_args, **callback_kwargs)
  File "D:\Programming\JANGO\Homeworks\HW1\homeworks\hw2\views.py", line 19, in last_orders
    return render(request, 'hw2/show_orders.html', context)
  File "D:\Programming\JANGO\Homeworks\HW1\venv\lib\site-packages\django\shortcuts.py", line 24, in render
    content = loader.render_to_string(template_name, context, request, using=using)
  File "D:\Programming\JANGO\Homeworks\HW1\venv\lib\site-packages\django\template\loader.py", line 62, in render_to_string
    return template.render(context, request)
  File "D:\Programming\JANGO\Homeworks\HW1\venv\lib\site-packages\django\template\backends\django.py", line 61, in render
    return self.template.render(context)
  File "D:\Programming\JANGO\Homeworks\HW1\venv\lib\site-packages\django\template\base.py", line 175, in render
    return self._render(context)
  File "D:\Programming\JANGO\Homeworks\HW1\venv\lib\site-packages\django\template\base.py", line 167, in _render
    return self.nodelist.render(context)
  File "D:\Programming\JANGO\Homeworks\HW1\venv\lib\site-packages\django\template\base.py", line 1005, in render
    return SafeString("".join([node.render_annotated(context) for node in self]))
  File "D:\Programming\JANGO\Homeworks\HW1\venv\lib\site-packages\django\template\base.py", line 1005, in <listcomp>
    return SafeString("".join([node.render_annotated(context) for node in self]))
  File "D:\Programming\JANGO\Homeworks\HW1\venv\lib\site-packages\django\template\base.py", line 966, in render_annotated
    return self.render(context)
  File "D:\Programming\JANGO\Homeworks\HW1\venv\lib\site-packages\django\template\loader_tags.py", line 157, in render
    return compiled_parent._render(context)
  File "D:\Programming\JANGO\Homeworks\HW1\venv\lib\site-packages\django\template\base.py", line 167, in _render
    return self.nodelist.render(context)
  File "D:\Programming\JANGO\Homeworks\HW1\venv\lib\site-packages\django\template\base.py", line 1005, in render
    return SafeString("".join([node.render_annotated(context) for node in self]))
  File "D:\Programming\JANGO\Homeworks\HW1\venv\lib\site-packages\django\template\base.py", line 1005, in <listcomp>
    return SafeString("".join([node.render_annotated(context) for node in self]))
  File "D:\Programming\JANGO\Homeworks\HW1\venv\lib\site-packages\django\template\base.py", line 966, in render_annotated
    return self.render(context)
  File "D:\Programming\JANGO\Homeworks\HW1\venv\lib\site-packages\django\template\loader_tags.py", line 63, in render
    result = block.nodelist.render(context)
  File "D:\Programming\JANGO\Homeworks\HW1\venv\lib\site-packages\django\template\base.py", line 1005, in render
    return SafeString("".join([node.render_annotated(context) for node in self]))
  File "D:\Programming\JANGO\Homeworks\HW1\venv\lib\site-packages\django\template\base.py", line 1005, in <listcomp>
    return SafeString("".join([node.render_annotated(context) for node in self]))
  File "D:\Programming\JANGO\Homeworks\HW1\venv\lib\site-packages\django\template\base.py", line 966, in render_annotated
    return self.render(context)
  File "D:\Programming\JANGO\Homeworks\HW1\venv\lib\site-packages\django\template\defaulttags.py", line 238, in render
    nodelist.append(node.render_annotated(context))
  File "D:\Programming\JANGO\Homeworks\HW1\venv\lib\site-packages\django\template\base.py", line 966, in render_annotated
    return self.render(context)
  File "D:\Programming\JANGO\Homeworks\HW1\venv\lib\site-packages\django\template\base.py", line 1070, in render
    return render_value_in_context(output, context)
  File "D:\Programming\JANGO\Homeworks\HW1\venv\lib\site-packages\django\template\base.py", line 1047, in render_value_in_context
    value = str(value)
  File "D:\Programming\JANGO\Homeworks\HW1\homeworks\hw2\models.py", line 34, in __str__
    return f'Client: {self.client.name}\nProduct: {self.product}\n' \
AttributeError: 'Order' object has no attribute 'product'
ERROR 2023-08-04 20:46:21,545 basehttp 14740 15336"GET /client/orders/2/ HTTP/1.1" 500 166259
INFO 2023-08-04 21:44:54,438 autoreload 14740 16500D:\Programming\JANGO\Homeworks\HW1\homeworks\hw2\models.py changed, reloading.
INFO 2023-08-04 21:44:56,392 autoreload 17076 5256Watching for file changes with StatReloader
INFO 2023-08-04 21:45:05,856 basehttp 17076 18332"GET / HTTP/1.1" 200 731
INFO 2023-08-04 21:45:17,006 basehttp 17076 18332"GET /client/orders/2/ HTTP/1.1" 200 873
INFO 2023-08-07 10:26:13,300 autoreload 2792 17500Watching for file changes with StatReloader
INFO 2023-08-07 10:26:36,659 basehttp 2792 15160"GET / HTTP/1.1" 200 731
INFO 2023-08-07 10:26:36,910 basehttp 2792 15160"GET /static/css/style.css HTTP/1.1" 304 0
WARNING 2023-08-07 10:26:41,722 log 2792 15160Not Found: /favicon.ico
WARNING 2023-08-07 10:26:41,868 basehttp 2792 15160"GET /favicon.ico HTTP/1.1" 404 2548
INFO 2023-08-07 10:27:02,292 basehttp 2792 15160"GET /client/orders/2/ HTTP/1.1" 200 3049
INFO 2023-08-07 10:29:23,501 basehttp 2792 18132"GET /client/orders/2/ HTTP/1.1" 200 2677
ERROR 2023-08-07 10:32:57,248 log 2792 18132Internal Server Error: /client/orders/2/
Traceback (most recent call last):
  File "D:\Programming\JANGO\Homeworks\HW1\venv\lib\site-packages\django\core\handlers\exception.py", line 55, in inner
    response = get_response(request)
  File "D:\Programming\JANGO\Homeworks\HW1\venv\lib\site-packages\django\core\handlers\base.py", line 197, in _get_response
    response = wrapped_callback(request, *callback_args, **callback_kwargs)
  File "D:\Programming\JANGO\Homeworks\HW1\homeworks\hw2\views.py", line 19, in last_orders
    return render(request, 'hw2/show_orders.html', context)
  File "D:\Programming\JANGO\Homeworks\HW1\venv\lib\site-packages\django\shortcuts.py", line 24, in render
    content = loader.render_to_string(template_name, context, request, using=using)
  File "D:\Programming\JANGO\Homeworks\HW1\venv\lib\site-packages\django\template\loader.py", line 62, in render_to_string
    return template.render(context, request)
  File "D:\Programming\JANGO\Homeworks\HW1\venv\lib\site-packages\django\template\backends\django.py", line 61, in render
    return self.template.render(context)
  File "D:\Programming\JANGO\Homeworks\HW1\venv\lib\site-packages\django\template\base.py", line 175, in render
    return self._render(context)
  File "D:\Programming\JANGO\Homeworks\HW1\venv\lib\site-packages\django\template\base.py", line 167, in _render
    return self.nodelist.render(context)
  File "D:\Programming\JANGO\Homeworks\HW1\venv\lib\site-packages\django\template\base.py", line 1005, in render
    return SafeString("".join([node.render_annotated(context) for node in self]))
  File "D:\Programming\JANGO\Homeworks\HW1\venv\lib\site-packages\django\template\base.py", line 1005, in <listcomp>
    return SafeString("".join([node.render_annotated(context) for node in self]))
  File "D:\Programming\JANGO\Homeworks\HW1\venv\lib\site-packages\django\template\base.py", line 966, in render_annotated
    return self.render(context)
  File "D:\Programming\JANGO\Homeworks\HW1\venv\lib\site-packages\django\template\loader_tags.py", line 157, in render
    return compiled_parent._render(context)
  File "D:\Programming\JANGO\Homeworks\HW1\venv\lib\site-packages\django\template\base.py", line 167, in _render
    return self.nodelist.render(context)
  File "D:\Programming\JANGO\Homeworks\HW1\venv\lib\site-packages\django\template\base.py", line 1005, in render
    return SafeString("".join([node.render_annotated(context) for node in self]))
  File "D:\Programming\JANGO\Homeworks\HW1\venv\lib\site-packages\django\template\base.py", line 1005, in <listcomp>
    return SafeString("".join([node.render_annotated(context) for node in self]))
  File "D:\Programming\JANGO\Homeworks\HW1\venv\lib\site-packages\django\template\base.py", line 966, in render_annotated
    return self.render(context)
  File "D:\Programming\JANGO\Homeworks\HW1\venv\lib\site-packages\django\template\loader_tags.py", line 63, in render
    result = block.nodelist.render(context)
  File "D:\Programming\JANGO\Homeworks\HW1\venv\lib\site-packages\django\template\base.py", line 1005, in render
    return SafeString("".join([node.render_annotated(context) for node in self]))
  File "D:\Programming\JANGO\Homeworks\HW1\venv\lib\site-packages\django\template\base.py", line 1005, in <listcomp>
    return SafeString("".join([node.render_annotated(context) for node in self]))
  File "D:\Programming\JANGO\Homeworks\HW1\venv\lib\site-packages\django\template\base.py", line 966, in render_annotated
    return self.render(context)
  File "D:\Programming\JANGO\Homeworks\HW1\venv\lib\site-packages\django\template\defaulttags.py", line 238, in render
    nodelist.append(node.render_annotated(context))
  File "D:\Programming\JANGO\Homeworks\HW1\venv\lib\site-packages\django\template\base.py", line 966, in render_annotated
    return self.render(context)
  File "D:\Programming\JANGO\Homeworks\HW1\venv\lib\site-packages\django\template\defaulttags.py", line 193, in render
    values = list(values)
TypeError: 'ManyRelatedManager' object is not iterable
ERROR 2023-08-07 10:32:57,263 basehttp 2792 18132"GET /client/orders/2/ HTTP/1.1" 500 172784
INFO 2023-08-07 10:45:28,278 autoreload 2792 17500D:\Programming\JANGO\Homeworks\HW1\homeworks\hw2\views.py changed, reloading.
INFO 2023-08-07 10:45:30,033 autoreload 16048 7672Watching for file changes with StatReloader
INFO 2023-08-07 10:45:53,774 basehttp 16048 14956"GET /client/orders/2/ HTTP/1.1" 200 869
INFO 2023-08-07 10:50:06,060 basehttp 16048 14956"GET /client/orders/1/ HTTP/1.1" 200 557
INFO 2023-08-07 10:50:13,904 basehttp 16048 14956"GET /client/orders/6/ HTTP/1.1" 200 453
INFO 2023-08-07 10:50:23,628 basehttp 16048 14956"GET /client/orders/3/ HTTP/1.1" 200 661
INFO 2023-08-07 10:52:46,528 autoreload 16048 7672D:\Programming\JANGO\Homeworks\HW1\homeworks\hw2\views.py changed, reloading.
INFO 2023-08-07 10:52:47,486 autoreload 6872 6500Watching for file changes with StatReloader
INFO 2023-08-07 11:02:30,367 autoreload 6872 6500D:\Programming\JANGO\Homeworks\HW1\homeworks\hw2\views.py changed, reloading.
INFO 2023-08-07 11:02:31,343 autoreload 18200 5656Watching for file changes with StatReloader
INFO 2023-08-07 11:10:43,314 autoreload 18200 5656D:\Programming\JANGO\Homeworks\HW1\homeworks\hw2\views.py changed, reloading.
INFO 2023-08-07 11:10:44,178 autoreload 18468 12416Watching for file changes with StatReloader
INFO 2023-08-07 11:11:36,611 autoreload 18468 12416D:\Programming\JANGO\Homeworks\HW1\homeworks\hw2\urls.py changed, reloading.
INFO 2023-08-07 11:11:37,645 autoreload 1884 6296Watching for file changes with StatReloader
INFO 2023-08-07 11:12:19,673 autoreload 1884 6296D:\Programming\JANGO\Homeworks\HW1\homeworks\hw2\views.py changed, reloading.
INFO 2023-08-07 11:12:20,555 autoreload 10120 11120Watching for file changes with StatReloader
INFO 2023-08-07 11:12:33,446 autoreload 10120 11120D:\Programming\JANGO\Homeworks\HW1\homeworks\hw2\urls.py changed, reloading.
INFO 2023-08-07 11:12:34,379 autoreload 10480 18688Watching for file changes with StatReloader
INFO 2023-08-07 11:13:02,082 autoreload 10480 18688D:\Programming\JANGO\Homeworks\HW1\homeworks\hw2\urls.py changed, reloading.
INFO 2023-08-07 11:13:03,035 autoreload 3172 9648Watching for file changes with StatReloader
INFO 2023-08-07 11:13:44,396 autoreload 3172 9648D:\Programming\JANGO\Homeworks\HW1\homeworks\hw2\urls.py changed, reloading.
INFO 2023-08-07 11:13:45,250 autoreload 10236 1832Watching for file changes with StatReloader
INFO 2023-08-07 11:13:50,383 autoreload 10236 1832D:\Programming\JANGO\Homeworks\HW1\homeworks\hw2\urls.py changed, reloading.
INFO 2023-08-07 11:13:51,265 autoreload 8600 1100Watching for file changes with StatReloader
INFO 2023-08-07 11:19:09,242 basehttp 8600 11556"GET /client/orders/3/ HTTP/1.1" 200 773
INFO 2023-08-07 11:19:14,735 basehttp 8600 11556"GET /client/products/6/ HTTP/1.1" 200 430
INFO 2023-08-07 11:20:13,360 basehttp 8600 11556"GET /client/products/6/ HTTP/1.1" 200 450
INFO 2023-08-07 11:28:46,095 autoreload 8600 1100D:\Programming\JANGO\Homeworks\HW1\homeworks\hw2\views.py changed, reloading.
INFO 2023-08-07 11:28:47,143 autoreload 12936 18092Watching for file changes with StatReloader
INFO 2023-08-07 11:29:12,009 autoreload 12936 18092D:\Programming\JANGO\Homeworks\HW1\homeworks\hw2\views.py changed, reloading.
INFO 2023-08-07 11:29:12,883 autoreload 13668 8360Watching for file changes with StatReloader
INFO 2023-08-07 11:29:19,045 basehttp 13668 16548"GET /client/products/6/ HTTP/1.1" 200 450
ERROR 2023-08-07 11:31:07,993 log 13668 16548Internal Server Error: /client/products/6/
Traceback (most recent call last):
  File "D:\Programming\JANGO\Homeworks\HW1\venv\lib\site-packages\django\core\handlers\exception.py", line 55, in inner
    response = get_response(request)
  File "D:\Programming\JANGO\Homeworks\HW1\venv\lib\site-packages\django\core\handlers\base.py", line 197, in _get_response
    response = wrapped_callback(request, *callback_args, **callback_kwargs)
  File "D:\Programming\JANGO\Homeworks\HW1\homeworks\hw2\views.py", line 25, in order_info
    return render(request, 'hw2/products_info.html', {'order': order, 'products': products})
  File "D:\Programming\JANGO\Homeworks\HW1\venv\lib\site-packages\django\shortcuts.py", line 24, in render
    content = loader.render_to_string(template_name, context, request, using=using)
  File "D:\Programming\JANGO\Homeworks\HW1\venv\lib\site-packages\django\template\loader.py", line 61, in render_to_string
    template = get_template(template_name, using=using)
  File "D:\Programming\JANGO\Homeworks\HW1\venv\lib\site-packages\django\template\loader.py", line 15, in get_template
    return engine.get_template(template_name)
  File "D:\Programming\JANGO\Homeworks\HW1\venv\lib\site-packages\django\template\backends\django.py", line 33, in get_template
    return Template(self.engine.get_template(template_name), self)
  File "D:\Programming\JANGO\Homeworks\HW1\venv\lib\site-packages\django\template\engine.py", line 175, in get_template
    template, origin = self.find_template(template_name)
  File "D:\Programming\JANGO\Homeworks\HW1\venv\lib\site-packages\django\template\engine.py", line 157, in find_template
    template = loader.get_template(name, skip=skip)
  File "D:\Programming\JANGO\Homeworks\HW1\venv\lib\site-packages\django\template\loaders\cached.py", line 57, in get_template
    template = super().get_template(template_name, skip)
  File "D:\Programming\JANGO\Homeworks\HW1\venv\lib\site-packages\django\template\loaders\base.py", line 28, in get_template
    return Template(
  File "D:\Programming\JANGO\Homeworks\HW1\venv\lib\site-packages\django\template\base.py", line 154, in __init__
    self.nodelist = self.compile_nodelist()
  File "D:\Programming\JANGO\Homeworks\HW1\venv\lib\site-packages\django\template\base.py", line 200, in compile_nodelist
    return parser.parse()
  File "D:\Programming\JANGO\Homeworks\HW1\venv\lib\site-packages\django\template\base.py", line 513, in parse
    raise self.error(token, e)
  File "D:\Programming\JANGO\Homeworks\HW1\venv\lib\site-packages\django\template\base.py", line 511, in parse
    compiled_result = compile_func(self, token)
  File "D:\Programming\JANGO\Homeworks\HW1\venv\lib\site-packages\django\template\loader_tags.py", line 293, in do_extends
    nodelist = parser.parse()
  File "D:\Programming\JANGO\Homeworks\HW1\venv\lib\site-packages\django\template\base.py", line 513, in parse
    raise self.error(token, e)
  File "D:\Programming\JANGO\Homeworks\HW1\venv\lib\site-packages\django\template\base.py", line 511, in parse
    compiled_result = compile_func(self, token)
  File "D:\Programming\JANGO\Homeworks\HW1\venv\lib\site-packages\django\template\loader_tags.py", line 232, in do_block
    nodelist = parser.parse(("endblock",))
  File "D:\Programming\JANGO\Homeworks\HW1\venv\lib\site-packages\django\template\base.py", line 513, in parse
    raise self.error(token, e)
  File "D:\Programming\JANGO\Homeworks\HW1\venv\lib\site-packages\django\template\base.py", line 511, in parse
    compiled_result = compile_func(self, token)
  File "D:\Programming\JANGO\Homeworks\HW1\venv\lib\site-packages\django\template\defaulttags.py", line 839, in do_for
    raise TemplateSyntaxError(
django.template.exceptions.TemplateSyntaxError: 'for' statements should use the format 'for x in y': for product in {{ products }}
ERROR 2023-08-07 11:31:08,009 basehttp 13668 16548"GET /client/products/6/ HTTP/1.1" 500 167842
INFO 2023-08-07 11:32:53,841 basehttp 13668 16548"GET /client/products/6/ HTTP/1.1" 200 430
INFO 2023-08-07 11:33:48,466 basehttp 13668 16548"GET /client/products/6/ HTTP/1.1" 200 442
INFO 2023-08-07 11:35:45,417 autoreload 13668 8360D:\Programming\JANGO\Homeworks\HW1\homeworks\hw2\views.py changed, reloading.
INFO 2023-08-07 11:35:46,373 autoreload 9604 804Watching for file changes with StatReloader
INFO 2023-08-07 11:35:52,024 basehttp 9604 2332"GET /client/products/6/ HTTP/1.1" 200 430
INFO 2023-08-07 11:36:29,729 autoreload 9604 804D:\Programming\JANGO\Homeworks\HW1\homeworks\hw2\views.py changed, reloading.
INFO 2023-08-07 11:36:31,098 autoreload 1428 13192Watching for file changes with StatReloader
INFO 2023-08-07 11:36:34,035 basehttp 1428 10584"GET /client/products/6/ HTTP/1.1" 200 430
INFO 2023-08-07 11:36:48,750 basehttp 1428 10584"GET /client/products/9/ HTTP/1.1" 200 430
INFO 2023-08-07 11:37:39,964 autoreload 1428 13192D:\Programming\JANGO\Homeworks\HW1\homeworks\hw2\views.py changed, reloading.
INFO 2023-08-07 11:37:40,926 autoreload 16088 4104Watching for file changes with StatReloader
INFO 2023-08-07 11:39:28,564 autoreload 16088 4104D:\Programming\JANGO\Homeworks\HW1\homeworks\hw2\views.py changed, reloading.
INFO 2023-08-07 11:39:30,572 autoreload 16472 1100Watching for file changes with StatReloader
INFO 2023-08-07 11:39:31,497 basehttp 16472 4852"GET /client/products/9/ HTTP/1.1" 200 430
INFO 2023-08-07 11:40:16,627 autoreload 16472 1100D:\Programming\JANGO\Homeworks\HW1\homeworks\hw2\views.py changed, reloading.
INFO 2023-08-07 11:40:17,501 autoreload 14164 4060Watching for file changes with StatReloader
INFO 2023-08-07 11:40:22,261 basehttp 14164 11700"GET /client/products/9/ HTTP/1.1" 200 482
INFO 2023-08-07 11:43:24,636 autoreload 14164 4060D:\Programming\JANGO\Homeworks\HW1\homeworks\hw2\views.py changed, reloading.
INFO 2023-08-07 11:43:25,584 autoreload 7160 13928Watching for file changes with StatReloader
INFO 2023-08-07 11:43:29,125 basehttp 7160 15740"GET /client/products/9/ HTTP/1.1" 200 430
INFO 2023-08-07 11:45:21,322 autoreload 7160 13928D:\Programming\JANGO\Homeworks\HW1\homeworks\hw2\views.py changed, reloading.
INFO 2023-08-07 11:45:22,174 autoreload 10268 16980Watching for file changes with StatReloader
INFO 2023-08-07 11:45:26,674 basehttp 10268 15256"GET /client/products/9/ HTTP/1.1" 200 430
INFO 2023-08-07 11:47:01,275 autoreload 10268 16980D:\Programming\JANGO\Homeworks\HW1\homeworks\hw2\views.py changed, reloading.
INFO 2023-08-07 11:47:02,176 autoreload 13468 18424Watching for file changes with StatReloader
INFO 2023-08-07 11:47:14,846 autoreload 13468 18424D:\Programming\JANGO\Homeworks\HW1\homeworks\hw2\views.py changed, reloading.
INFO 2023-08-07 11:47:15,815 autoreload 5420 18640Watching for file changes with StatReloader
ERROR 2023-08-07 11:47:24,599 log 5420 14304Internal Server Error: /client/products/9/
Traceback (most recent call last):
  File "D:\Programming\JANGO\Homeworks\HW1\venv\lib\site-packages\django\core\handlers\exception.py", line 55, in inner
    response = get_response(request)
  File "D:\Programming\JANGO\Homeworks\HW1\venv\lib\site-packages\django\core\handlers\base.py", line 197, in _get_response
    response = wrapped_callback(request, *callback_args, **callback_kwargs)
  File "D:\Programming\JANGO\Homeworks\HW1\homeworks\hw2\views.py", line 26, in order_info
    info.join(product).join('\n')
TypeError: can only join an iterable
ERROR 2023-08-07 11:47:24,603 basehttp 5420 14304"GET /client/products/9/ HTTP/1.1" 500 69661
INFO 2023-08-07 11:48:42,095 autoreload 5420 18640D:\Programming\JANGO\Homeworks\HW1\homeworks\hw2\views.py changed, reloading.
INFO 2023-08-07 11:48:43,117 autoreload 13892 4964Watching for file changes with StatReloader
INFO 2023-08-07 11:48:46,232 basehttp 13892 9000"GET /client/products/9/ HTTP/1.1" 200 430
INFO 2023-08-07 11:49:39,781 autoreload 13892 4964D:\Programming\JANGO\Homeworks\HW1\homeworks\hw2\views.py changed, reloading.
INFO 2023-08-07 11:49:41,005 autoreload 11204 14144Watching for file changes with StatReloader
INFO 2023-08-07 11:49:41,769 basehttp 11204 6192"GET /client/products/9/ HTTP/1.1" 200 430
INFO 2023-08-07 11:50:31,347 autoreload 11204 14144D:\Programming\JANGO\Homeworks\HW1\homeworks\hw2\views.py changed, reloading.
INFO 2023-08-07 11:50:32,186 autoreload 16472 8600Watching for file changes with StatReloader
INFO 2023-08-07 11:50:35,133 basehttp 16472 12096"GET /client/products/9/ HTTP/1.1" 200 430
INFO 2023-08-07 11:52:11,052 autoreload 16472 8600D:\Programming\JANGO\Homeworks\HW1\homeworks\hw2\views.py changed, reloading.
INFO 2023-08-07 11:52:12,116 autoreload 10932 13404Watching for file changes with StatReloader
INFO 2023-08-07 11:52:17,861 basehttp 10932 4112"GET /client/products/9/ HTTP/1.1" 200 430
INFO 2023-08-07 11:53:56,522 autoreload 10932 13404D:\Programming\JANGO\Homeworks\HW1\homeworks\hw2\views.py changed, reloading.
INFO 2023-08-07 11:53:57,358 autoreload 14952 8300Watching for file changes with StatReloader
INFO 2023-08-07 11:54:00,158 basehttp 14952 11756"GET /client/products/9/ HTTP/1.1" 200 430
INFO 2023-08-07 11:54:50,225 basehttp 14952 11756"GET /client/products/6/ HTTP/1.1" 200 430
INFO 2023-08-07 11:55:45,417 autoreload 14952 8300D:\Programming\JANGO\Homeworks\HW1\homeworks\hw2\views.py changed, reloading.
INFO 2023-08-07 11:55:46,393 autoreload 12840 13000Watching for file changes with StatReloader
INFO 2023-08-07 11:55:49,188 basehttp 12840 14056"GET /client/orders/3/ HTTP/1.1" 200 773
INFO 2023-08-07 11:55:59,123 basehttp 12840 14056"GET /client/products/9/ HTTP/1.1" 200 430
INFO 2023-08-07 11:56:26,781 autoreload 12840 13000D:\Programming\JANGO\Homeworks\HW1\homeworks\hw2\views.py changed, reloading.
INFO 2023-08-07 11:56:27,695 autoreload 10956 8104Watching for file changes with StatReloader
INFO 2023-08-07 11:56:29,976 basehttp 10956 16228"GET /client/products/9/ HTTP/1.1" 200 430
INFO 2023-08-07 11:56:50,880 autoreload 10956 8104D:\Programming\JANGO\Homeworks\HW1\homeworks\hw2\views.py changed, reloading.
INFO 2023-08-07 11:56:51,843 autoreload 516 16212Watching for file changes with StatReloader
INFO 2023-08-07 11:56:53,679 basehttp 516 15128"GET /client/products/9/ HTTP/1.1" 200 13118
INFO 2023-08-07 11:57:46,527 basehttp 516 15128"GET /client/products/9/ HTTP/1.1" 200 801
INFO 2023-08-07 11:59:49,309 autoreload 516 16212D:\Programming\JANGO\Homeworks\HW1\homeworks\hw2\views.py changed, reloading.
INFO 2023-08-07 11:59:50,390 autoreload 16840 17568Watching for file changes with StatReloader
INFO 2023-08-07 12:00:53,606 autoreload 16840 17568D:\Programming\JANGO\Homeworks\HW1\homeworks\hw2\models.py changed, reloading.
INFO 2023-08-07 12:00:54,452 autoreload 15352 14616Watching for file changes with StatReloader
INFO 2023-08-07 12:01:59,735 autoreload 15352 14616D:\Programming\JANGO\Homeworks\HW1\homeworks\hw2\views.py changed, reloading.
INFO 2023-08-07 12:02:00,769 autoreload 9604 15420Watching for file changes with StatReloader
INFO 2023-08-07 12:02:13,375 basehttp 9604 16312"GET /client/products/9/ HTTP/1.1" 200 311
INFO 2023-08-07 12:02:33,681 autoreload 9604 15420D:\Programming\JANGO\Homeworks\HW1\homeworks\hw2\views.py changed, reloading.
INFO 2023-08-07 12:02:34,728 autoreload 14784 14828Watching for file changes with StatReloader
INFO 2023-08-07 12:02:41,557 basehttp 14784 14892"GET /client/products/9/ HTTP/1.1" 200 311
INFO 2023-08-07 12:03:11,929 autoreload 14784 14828D:\Programming\JANGO\Homeworks\HW1\homeworks\hw2\views.py changed, reloading.
INFO 2023-08-07 12:03:12,906 autoreload 13236 15588Watching for file changes with StatReloader
INFO 2023-08-07 12:03:15,976 basehttp 13236 432"GET /client/products/9/ HTTP/1.1" 200 881
INFO 2023-08-07 12:03:42,374 basehttp 13236 432"GET /client/products/9/ HTTP/1.1" 200 430
INFO 2023-08-07 12:04:16,936 basehttp 13236 432"GET /client/products/9/ HTTP/1.1" 200 349
INFO 2023-08-07 12:05:39,558 autoreload 10268 300Watching for file changes with StatReloader
INFO 2023-08-07 12:05:42,408 basehttp 10268 6872"GET / HTTP/1.1" 200 731
INFO 2023-08-07 12:05:51,594 basehttp 10268 6872"GET /client/orders/2/ HTTP/1.1" 200 913
INFO 2023-08-07 12:06:40,793 basehttp 10268 6872"GET /client/products/4/ HTTP/1.1" 200 313
INFO 2023-08-07 12:07:04,177 basehttp 10268 6872"GET /client/orders/2/ HTTP/1.1" 200 913
INFO 2023-08-07 12:07:43,711 autoreload 10268 300D:\Programming\JANGO\Homeworks\HW1\homeworks\hw2\views.py changed, reloading.
INFO 2023-08-07 12:07:44,641 autoreload 1444 9000Watching for file changes with StatReloader
INFO 2023-08-07 12:07:53,110 basehttp 1444 19108"GET /client/orders/2/ HTTP/1.1" 200 913
INFO 2023-08-07 12:08:35,082 basehttp 1444 19108"GET /client/products/4/ HTTP/1.1" 200 326
INFO 2023-08-07 12:09:09,413 autoreload 6508 9936Watching for file changes with StatReloader
INFO 2023-08-07 12:09:13,827 basehttp 6508 15584"GET / HTTP/1.1" 200 731
INFO 2023-08-07 12:09:29,016 basehttp 6508 15584"GET /client/orders/1/ HTTP/1.1" 200 523
INFO 2023-08-07 12:11:50,459 autoreload 7988 18824Watching for file changes with StatReloader
INFO 2023-08-07 12:11:53,922 basehttp 7988 13648"GET / HTTP/1.1" 200 731
INFO 2023-08-07 12:12:08,916 basehttp 7988 13648"GET /client/orders/2/ HTTP/1.1" 200 913
INFO 2023-08-07 12:13:59,279 basehttp 7988 13648"GET /client/products/4/ HTTP/1.1" 200 326
INFO 2023-08-07 12:15:02,000 basehttp 7988 13648"GET /client/orders/3/ HTTP/1.1" 200 773
INFO 2023-08-07 12:15:17,247 basehttp 7988 13648"GET /client/products/9/ HTTP/1.1" 200 430
INFO 2023-08-07 12:15:43,200 basehttp 7988 13648"GET /client/products/9/ HTTP/1.1" 200 462
INFO 2023-08-07 12:27:15,701 basehttp 7988 8756"GET /client/products/9/ HTTP/1.1" 200 894
INFO 2023-08-07 12:28:09,651 basehttp 7988 8756"GET /client/products/9/ HTTP/1.1" 200 894
INFO 2023-08-07 12:29:03,044 basehttp 7988 8756"GET /client/orders/3/ HTTP/1.1" 200 813
INFO 2023-08-07 12:29:17,473 basehttp 7988 8756"GET /client/orders/1/ HTTP/1.1" 200 633
INFO 2023-08-07 12:29:23,920 basehttp 7988 8756"GET /client/products/1/ HTTP/1.1" 200 468
INFO 2023-08-07 12:29:48,229 basehttp 7988 8756"GET /client/orders/1/ HTTP/1.1" 200 633
INFO 2023-08-07 12:29:56,262 basehttp 7988 8756"GET /client/orders/2/ HTTP/1.1" 200 1173
INFO 2023-08-07 12:30:08,472 basehttp 7988 8756"GET /client/orders/3/ HTTP/1.1" 200 813
INFO 2023-08-07 12:34:34,815 autoreload 14892 3500Watching for file changes with StatReloader
INFO 2023-08-07 12:34:38,689 basehttp 14892 10380"GET / HTTP/1.1" 200 731
INFO 2023-08-07 12:34:52,316 basehttp 14892 10380"GET /client/orders/2/ HTTP/1.1" 200 1173
INFO 2023-08-07 12:37:04,914 autoreload 18784 708Watching for file changes with StatReloader
INFO 2023-08-07 12:37:08,470 basehttp 18784 4512"GET /client/orders/2/ HTTP/1.1" 200 1533
INFO 2023-08-07 12:37:19,104 basehttp 18784 4512"GET /client/products/2/ HTTP/1.1" 200 326
INFO 2023-08-07 12:37:34,351 basehttp 18784 4512"GET /client/products/3/ HTTP/1.1" 200 326
INFO 2023-08-07 12:37:41,245 basehttp 18784 4512"GET /client/products/4/ HTTP/1.1" 200 326
INFO 2023-08-07 12:38:07,769 basehttp 18784 4512"GET /client/products/5/ HTTP/1.1" 200 894
INFO 2023-08-07 12:38:30,042 basehttp 18784 4512"GET /client/products/4/ HTTP/1.1" 200 326
INFO 2023-08-07 12:38:34,071 basehttp 18784 4512"GET /client/products/5/ HTTP/1.1" 200 894
INFO 2023-08-07 12:38:39,384 basehttp 18784 4512"GET /client/products/3/ HTTP/1.1" 200 326
INFO 2023-08-07 12:38:43,403 basehttp 18784 4512"GET /client/products/4/ HTTP/1.1" 200 326
INFO 2023-08-07 12:38:46,697 basehttp 18784 4512"GET /client/products/5/ HTTP/1.1" 200 894
INFO 2023-08-07 12:39:06,254 basehttp 18784 4512"GET /client/orders/3/ HTTP/1.1" 200 993
INFO 2023-08-07 12:39:11,303 basehttp 18784 4512"GET /client/products/6/ HTTP/1.1" 200 894
INFO 2023-08-07 12:39:16,762 basehttp 18784 4512"GET /client/products/9/ HTTP/1.1" 200 894
INFO 2023-08-07 12:39:28,278 basehttp 18784 4512"GET /client/products/9/ HTTP/1.1" 200 894
INFO 2023-08-07 12:39:39,368 basehttp 18784 4512"GET /client/orders/1/ HTTP/1.1" 200 723
INFO 2023-08-07 12:39:42,234 basehttp 18784 4512"GET /client/products/1/ HTTP/1.1" 200 468
INFO 2023-08-08 13:38:27,774 autoreload 11412 12416Watching for file changes with StatReloader
INFO 2023-08-08 13:38:48,102 autoreload 12376 13684Watching for file changes with StatReloader
INFO 2023-08-08 13:39:29,157 autoreload 15144 18288Watching for file changes with StatReloader
INFO 2023-08-08 14:53:04,071 autoreload 12236 952Watching for file changes with StatReloader
INFO 2023-08-08 14:53:09,539 basehttp 12236 13844"GET / HTTP/1.1" 200 731
INFO 2023-08-08 14:53:09,900 basehttp 12236 13844"GET /static/css/style.css HTTP/1.1" 200 827
WARNING 2023-08-08 14:53:25,643 log 12236 13844Not Found: /add_product/
WARNING 2023-08-08 14:53:25,644 basehttp 12236 13844"GET /add_product/ HTTP/1.1" 404 2551
INFO 2023-08-08 14:54:21,272 basehttp 12236 13844"GET /client/add_product/ HTTP/1.1" 200 1311
INFO 2023-08-08 14:54:37,829 basehttp 12236 13844"GET /client/add_product/ HTTP/1.1" 200 1302
INFO 2023-08-08 14:56:13,369 views 12236 15132Got: name='Pillow' description='Some Pillow' price=100.0 quantity=2
ERROR 2023-08-08 14:56:13,897 log 12236 15132Internal Server Error: /client/add_product/
Traceback (most recent call last):
  File "D:\Programming\JANGO\Homeworks\HW1\venv\lib\site-packages\django\db\backends\utils.py", line 89, in _execute
    return self.cursor.execute(sql, params)
  File "D:\Programming\JANGO\Homeworks\HW1\venv\lib\site-packages\django\db\backends\sqlite3\base.py", line 328, in execute
    return super().execute(query, params)
sqlite3.OperationalError: table hw2_product has no column named image

The above exception was the direct cause of the following exception:

Traceback (most recent call last):
  File "D:\Programming\JANGO\Homeworks\HW1\venv\lib\site-packages\django\core\handlers\exception.py", line 55, in inner
    response = get_response(request)
  File "D:\Programming\JANGO\Homeworks\HW1\venv\lib\site-packages\django\core\handlers\base.py", line 197, in _get_response
    response = wrapped_callback(request, *callback_args, **callback_kwargs)
  File "D:\Programming\JANGO\Homeworks\HW1\homeworks\hw2\views.py", line 52, in add_product
    product.save()
  File "D:\Programming\JANGO\Homeworks\HW1\venv\lib\site-packages\django\db\models\base.py", line 814, in save
    self.save_base(
  File "D:\Programming\JANGO\Homeworks\HW1\venv\lib\site-packages\django\db\models\base.py", line 877, in save_base
    updated = self._save_table(
  File "D:\Programming\JANGO\Homeworks\HW1\venv\lib\site-packages\django\db\models\base.py", line 1020, in _save_table
    results = self._do_insert(
  File "D:\Programming\JANGO\Homeworks\HW1\venv\lib\site-packages\django\db\models\base.py", line 1061, in _do_insert
    return manager._insert(
  File "D:\Programming\JANGO\Homeworks\HW1\venv\lib\site-packages\django\db\models\manager.py", line 87, in manager_method
    return getattr(self.get_queryset(), name)(*args, **kwargs)
  File "D:\Programming\JANGO\Homeworks\HW1\venv\lib\site-packages\django\db\models\query.py", line 1805, in _insert
    return query.get_compiler(using=using).execute_sql(returning_fields)
  File "D:\Programming\JANGO\Homeworks\HW1\venv\lib\site-packages\django\db\models\sql\compiler.py", line 1822, in execute_sql
    cursor.execute(sql, params)
  File "D:\Programming\JANGO\Homeworks\HW1\venv\lib\site-packages\django\db\backends\utils.py", line 102, in execute
    return super().execute(sql, params)
  File "D:\Programming\JANGO\Homeworks\HW1\venv\lib\site-packages\django\db\backends\utils.py", line 67, in execute
    return self._execute_with_wrappers(
  File "D:\Programming\JANGO\Homeworks\HW1\venv\lib\site-packages\django\db\backends\utils.py", line 80, in _execute_with_wrappers
    return executor(sql, params, many, context)
  File "D:\Programming\JANGO\Homeworks\HW1\venv\lib\site-packages\django\db\backends\utils.py", line 84, in _execute
    with self.db.wrap_database_errors:
  File "D:\Programming\JANGO\Homeworks\HW1\venv\lib\site-packages\django\db\utils.py", line 91, in __exit__
    raise dj_exc_value.with_traceback(traceback) from exc_value
  File "D:\Programming\JANGO\Homeworks\HW1\venv\lib\site-packages\django\db\backends\utils.py", line 89, in _execute
    return self.cursor.execute(sql, params)
  File "D:\Programming\JANGO\Homeworks\HW1\venv\lib\site-packages\django\db\backends\sqlite3\base.py", line 328, in execute
    return super().execute(query, params)
django.db.utils.OperationalError: table hw2_product has no column named image
ERROR 2023-08-08 14:56:13,914 basehttp 12236 15132"POST /client/add_product/ HTTP/1.1" 500 154104
INFO 2023-08-08 14:57:54,814 autoreload 3668 14292Watching for file changes with StatReloader
INFO 2023-08-08 15:00:30,845 autoreload 13372 11284Watching for file changes with StatReloader
INFO 2023-08-08 15:02:32,749 autoreload 1864 2792Watching for file changes with StatReloader
INFO 2023-08-08 15:02:43,163 basehttp 1864 2784"GET / HTTP/1.1" 200 731
INFO 2023-08-08 15:03:01,758 basehttp 1864 2784"GET /client/add_product/ HTTP/1.1" 200 1302
INFO 2023-08-08 15:03:30,044 views 1864 2784Got: name='Pillow' description='Some pillow' price=100.0 quantity=3
INFO 2023-08-08 15:03:30,074 basehttp 1864 2784"POST /client/add_product/ HTTP/1.1" 200 1337
INFO 2023-08-12 15:21:25,309 autoreload 12860 5600Watching for file changes with StatReloader
INFO 2023-08-12 15:21:34,279 basehttp 12860 7828"GET / HTTP/1.1" 200 731
INFO 2023-08-12 15:21:34,560 basehttp 12860 7828"GET /static/css/style.css HTTP/1.1" 200 827
WARNING 2023-08-12 15:21:36,260 log 12860 7828Not Found: /favicon.ico
WARNING 2023-08-12 15:21:36,261 basehttp 12860 7828"GET /favicon.ico HTTP/1.1" 404 2548
INFO 2023-08-12 15:21:42,666 basehttp 12860 7828"GET /admin/ HTTP/1.1" 302 0
INFO 2023-08-12 15:21:43,187 basehttp 12860 7828"GET /admin/login/?next=/admin/ HTTP/1.1" 200 4181
INFO 2023-08-12 15:21:43,335 basehttp 12860 7828"GET /static/admin/css/nav_sidebar.css HTTP/1.1" 200 2694
INFO 2023-08-12 15:21:43,345 basehttp 12860 2392"GET /static/admin/css/login.css HTTP/1.1" 200 958
INFO 2023-08-12 15:21:43,376 basehttp 12860 10560"GET /static/admin/css/base.css HTTP/1.1" 200 21207
INFO 2023-08-12 15:21:43,378 basehttp 12860 9088"GET /static/admin/css/responsive.css HTTP/1.1" 200 18533
INFO 2023-08-12 15:21:43,391 basehttp 12860 8364"GET /static/admin/css/dark_mode.css HTTP/1.1" 200 2929
INFO 2023-08-12 15:21:44,102 basehttp 12860 8364"GET /static/admin/js/theme.js HTTP/1.1" 200 1943
INFO 2023-08-12 15:21:44,103 basehttp 12860 10560"GET /static/admin/js/nav_sidebar.js HTTP/1.1" 200 3063
INFO 2023-08-12 15:21:57,913 basehttp 12860 8364"POST /admin/login/?next=/admin/ HTTP/1.1" 302 0
INFO 2023-08-12 15:21:57,999 basehttp 12860 8364"GET /admin/ HTTP/1.1" 200 5556
INFO 2023-08-12 15:21:58,100 basehttp 12860 8364"GET /static/admin/css/dashboard.css HTTP/1.1" 200 441
INFO 2023-08-12 15:21:58,780 basehttp 12860 8364"GET /static/admin/img/icon-addlink.svg HTTP/1.1" 200 331
INFO 2023-08-12 15:21:58,780 basehttp 12860 10560"GET /static/admin/img/icon-changelink.svg HTTP/1.1" 200 380
INFO 2023-08-12 15:22:25,447 basehttp 12860 10560"GET /admin/auth/user/add/ HTTP/1.1" 200 10035
INFO 2023-08-12 15:22:25,573 basehttp 12860 8364"GET /admin/jsi18n/ HTTP/1.1" 200 3343
INFO 2023-08-12 15:22:25,611 basehttp 12860 10560"GET /static/admin/css/forms.css HTTP/1.1" 200 9047
INFO 2023-08-12 15:22:25,629 basehttp 12860 8364"GET /static/admin/js/jquery.init.js HTTP/1.1" 200 347
INFO 2023-08-12 15:22:25,749 basehttp 12860 7828"GET /static/admin/js/urlify.js HTTP/1.1" 200 7887
INFO 2023-08-12 15:22:25,763 basehttp 12860 2392"GET /static/admin/js/core.js HTTP/1.1" 200 5682
INFO 2023-08-12 15:22:25,794 basehttp 12860 8364"GET /static/admin/js/admin/RelatedObjectLookups.js HTTP/1.1" 200 8943
INFO 2023-08-12 15:22:25,823 basehttp 12860 10560"GET /static/admin/js/actions.js HTTP/1.1" 200 7872
INFO 2023-08-12 15:22:25,858 basehttp 12860 9088"GET /static/admin/js/vendor/jquery/jquery.js HTTP/1.1" 200 292458
INFO 2023-08-12 15:22:25,868 basehttp 12860 7828"GET /static/admin/js/prepopulate.js HTTP/1.1" 200 1531
INFO 2023-08-12 15:22:25,878 basehttp 12860 2392"GET /static/admin/js/prepopulate_init.js HTTP/1.1" 200 586
INFO 2023-08-12 15:22:26,025 basehttp 12860 10000"GET /static/admin/js/vendor/xregexp/xregexp.js HTTP/1.1" 200 232381
INFO 2023-08-12 15:22:26,519 basehttp 12860 10000"GET /static/admin/css/widgets.css HTTP/1.1" 200 11900
INFO 2023-08-12 15:22:26,766 basehttp 12860 10000"GET /static/admin/js/change_form.js HTTP/1.1" 200 606
INFO 2023-08-12 15:23:00,961 basehttp 12860 10000"POST /admin/auth/user/add/ HTTP/1.1" 302 0
INFO 2023-08-12 15:23:01,178 basehttp 12860 10000"GET /admin/auth/user/2/change/ HTTP/1.1" 200 20719
INFO 2023-08-12 15:23:01,281 basehttp 12860 10000"GET /admin/jsi18n/ HTTP/1.1" 200 3343
INFO 2023-08-12 15:23:01,350 basehttp 12860 2392"GET /static/admin/js/calendar.js HTTP/1.1" 200 8466
INFO 2023-08-12 15:23:01,366 basehttp 12860 7828"GET /static/admin/js/SelectBox.js HTTP/1.1" 200 4530
INFO 2023-08-12 15:23:01,385 basehttp 12860 10000"GET /static/admin/js/admin/DateTimeShortcuts.js HTTP/1.1" 200 19319
INFO 2023-08-12 15:23:01,456 basehttp 12860 2392"GET /static/admin/js/SelectFilter2.js HTTP/1.1" 200 15292
INFO 2023-08-12 15:23:02,166 basehttp 12860 2392"GET /static/admin/img/icon-yes.svg HTTP/1.1" 200 436
INFO 2023-08-12 15:23:02,301 basehttp 12860 10000"GET /static/admin/img/search.svg HTTP/1.1" 200 458
INFO 2023-08-12 15:23:02,301 basehttp 12860 2392"GET /static/admin/img/icon-unknown.svg HTTP/1.1" 200 655
INFO 2023-08-12 15:23:02,312 basehttp 12860 7828"GET /static/admin/img/selector-icons.svg HTTP/1.1" 200 3291
INFO 2023-08-12 15:23:02,359 basehttp 12860 9088"GET /static/admin/img/icon-unknown-alt.svg HTTP/1.1" 200 655
INFO 2023-08-12 15:23:02,371 basehttp 12860 7828"GET /static/admin/img/icon-clock.svg HTTP/1.1" 200 677
INFO 2023-08-12 15:23:02,391 basehttp 12860 2392"GET /static/admin/img/icon-calendar.svg HTTP/1.1" 200 1086
INFO 2023-08-12 15:23:15,925 basehttp 12860 2392"GET /admin/auth/group/add/ HTTP/1.1" 200 11233
INFO 2023-08-12 15:23:15,989 basehttp 12860 2392"GET /admin/jsi18n/ HTTP/1.1" 200 3343
INFO 2023-08-12 15:25:20,514 basehttp 12860 2392"POST /admin/auth/group/add/ HTTP/1.1" 302 0
INFO 2023-08-12 15:25:20,672 basehttp 12860 2392"GET /admin/auth/group/ HTTP/1.1" 200 8586
INFO 2023-08-12 15:25:20,757 basehttp 12860 7828"GET /admin/jsi18n/ HTTP/1.1" 200 3343
INFO 2023-08-12 15:25:20,806 basehttp 12860 2392"GET /static/admin/css/changelists.css HTTP/1.1" 200 6566
INFO 2023-08-12 15:25:21,445 basehttp 12860 2392"GET /static/admin/js/filters.js HTTP/1.1" 200 978
INFO 2023-08-12 15:25:21,520 basehttp 12860 2392"GET /static/admin/img/tooltag-add.svg HTTP/1.1" 200 331
INFO 2023-08-12 15:25:24,950 basehttp 12860 2392"GET /admin/auth/user/ HTTP/1.1" 200 11130
INFO 2023-08-12 15:25:25,035 basehttp 12860 2392"GET /admin/jsi18n/ HTTP/1.1" 200 3343
INFO 2023-08-12 15:25:25,067 basehttp 12860 2392"GET /static/admin/img/icon-no.svg HTTP/1.1" 200 560
INFO 2023-08-12 15:25:25,716 basehttp 12860 2392"GET /static/admin/img/sorting-icons.svg HTTP/1.1" 200 1097
INFO 2023-08-12 15:25:28,261 basehttp 12860 2392"GET /admin/auth/user/2/change/ HTTP/1.1" 200 20536
INFO 2023-08-12 15:25:28,352 basehttp 12860 2392"GET /admin/jsi18n/ HTTP/1.1" 200 3343
INFO 2023-08-12 15:25:44,298 basehttp 12860 2392"POST /admin/auth/user/2/change/ HTTP/1.1" 302 0
INFO 2023-08-12 15:25:44,343 basehttp 12860 2392"GET /admin/auth/user/ HTTP/1.1" 200 11323
INFO 2023-08-12 15:25:44,403 basehttp 12860 2392"GET /admin/jsi18n/ HTTP/1.1" 200 3343
INFO 2023-08-12 15:27:33,957 autoreload 12860 5600D:\Programming\JANGO\Homeworks\HW1\homeworks\hw2\admin.py changed, reloading.
INFO 2023-08-12 15:27:36,251 autoreload 13896 13924Watching for file changes with StatReloader
INFO 2023-08-12 15:27:58,777 basehttp 13896 2812"POST /admin/logout/ HTTP/1.1" 200 3576
INFO 2023-08-12 15:28:04,343 autoreload 13896 13924D:\Programming\JANGO\Homeworks\HW1\homeworks\hw2\admin.py changed, reloading.
INFO 2023-08-12 15:28:05,225 autoreload 8908 8028Watching for file changes with StatReloader
INFO 2023-08-12 15:28:07,306 basehttp 8908 11796"GET /admin/ HTTP/1.1" 302 0
INFO 2023-08-12 15:28:07,372 basehttp 8908 11796"GET /admin/login/?next=/admin/ HTTP/1.1" 200 4181
INFO 2023-08-12 15:28:18,409 basehttp 8908 11796"POST /admin/login/?next=/admin/ HTTP/1.1" 302 0
INFO 2023-08-12 15:28:18,452 basehttp 8908 11796"GET /admin/ HTTP/1.1" 200 5916
INFO 2023-08-12 15:28:22,367 basehttp 8908 11796"GET /admin/hw2/client/ HTTP/1.1" 200 7147
INFO 2023-08-12 15:28:22,452 basehttp 8908 11796"GET /admin/jsi18n/ HTTP/1.1" 200 3343
INFO 2023-08-12 15:28:27,233 basehttp 8908 11796"GET /admin/hw2/order/ HTTP/1.1" 200 7140
INFO 2023-08-12 15:28:27,295 basehttp 8908 11796"GET /admin/jsi18n/ HTTP/1.1" 200 3343
INFO 2023-08-12 15:28:29,882 basehttp 8908 11796"GET /admin/hw2/product/ HTTP/1.1" 200 8416
INFO 2023-08-12 15:28:29,958 basehttp 8908 11796"GET /admin/jsi18n/ HTTP/1.1" 200 3343
INFO 2023-08-12 15:28:39,806 basehttp 8908 11796"GET /admin/hw2/client/ HTTP/1.1" 200 7147
INFO 2023-08-12 15:28:39,867 basehttp 8908 11796"GET /admin/jsi18n/ HTTP/1.1" 200 3343
INFO 2023-08-12 15:28:52,941 basehttp 8908 11796"GET /admin/hw2/client/add/ HTTP/1.1" 200 9787
INFO 2023-08-12 15:28:53,023 basehttp 8908 11796"GET /admin/jsi18n/ HTTP/1.1" 200 3343
INFO 2023-08-12 15:29:28,092 basehttp 8908 11796"POST /admin/hw2/client/add/ HTTP/1.1" 302 0
INFO 2023-08-12 15:29:28,134 basehttp 8908 11796"GET /admin/hw2/client/ HTTP/1.1" 200 8645
INFO 2023-08-12 15:29:28,214 basehttp 8908 11796"GET /admin/jsi18n/ HTTP/1.1" 200 3343
INFO 2023-08-12 15:29:31,537 basehttp 8908 11796"GET /admin/hw2/client/ HTTP/1.1" 200 8370
INFO 2023-08-12 15:29:31,609 basehttp 8908 11796"GET /admin/jsi18n/ HTTP/1.1" 200 3343
INFO 2023-08-12 15:29:48,113 basehttp 8908 11796"GET /admin/hw2/order/ HTTP/1.1" 200 7140
INFO 2023-08-12 15:29:48,193 basehttp 8908 11796"GET /admin/jsi18n/ HTTP/1.1" 200 3343
INFO 2023-08-12 15:29:50,851 basehttp 8908 11796"GET /admin/hw2/product/ HTTP/1.1" 200 8416
INFO 2023-08-12 15:29:50,910 basehttp 8908 11796"GET /admin/jsi18n/ HTTP/1.1" 200 3343
INFO 2023-08-12 15:29:55,828 basehttp 8908 11796"GET /admin/hw2/order/ HTTP/1.1" 200 7140
INFO 2023-08-12 15:29:55,901 basehttp 8908 11796"GET /admin/jsi18n/ HTTP/1.1" 200 3343
INFO 2023-08-12 15:29:58,254 basehttp 8908 11796"GET /admin/hw2/order/add/ HTTP/1.1" 200 10964
INFO 2023-08-12 15:29:58,320 basehttp 8908 11796"GET /admin/jsi18n/ HTTP/1.1" 200 3343
INFO 2023-08-12 15:29:59,286 basehttp 8908 11796"GET /static/admin/img/icon-viewlink.svg HTTP/1.1" 200 581
INFO 2023-08-12 15:30:52,668 basehttp 8908 11796"GET /admin/hw2/product/ HTTP/1.1" 200 8416
INFO 2023-08-12 15:30:52,732 basehttp 8908 11796"GET /admin/jsi18n/ HTTP/1.1" 200 3343
INFO 2023-08-12 15:31:00,115 basehttp 8908 11796"GET /admin/hw2/product/1/change/ HTTP/1.1" 200 11142
INFO 2023-08-12 15:31:00,180 basehttp 8908 11796"GET /admin/jsi18n/ HTTP/1.1" 200 3343
INFO 2023-08-12 15:31:20,335 basehttp 8908 11796"GET /admin/hw2/client/ HTTP/1.1" 200 8370
INFO 2023-08-12 15:31:20,423 basehttp 8908 11796"GET /admin/jsi18n/ HTTP/1.1" 200 3343
INFO 2023-08-12 15:36:54,478 autoreload 8908 8028D:\Programming\JANGO\Homeworks\HW1\homeworks\hw2\models.py changed, reloading.
INFO 2023-08-12 15:36:55,534 autoreload 3560 3468Watching for file changes with StatReloader
INFO 2023-08-12 15:36:58,886 basehttp 3560 14236"GET /admin/hw2/client/ HTTP/1.1" 200 8289
INFO 2023-08-12 15:36:58,962 basehttp 3560 14236"GET /admin/jsi18n/ HTTP/1.1" 200 3343
INFO 2023-08-12 15:37:02,294 basehttp 3560 14236"GET /admin/hw2/order/ HTTP/1.1" 200 7140
INFO 2023-08-12 15:37:02,372 basehttp 3560 14236"GET /admin/jsi18n/ HTTP/1.1" 200 3343
INFO 2023-08-12 15:37:04,815 basehttp 3560 14236"GET /admin/hw2/product/ HTTP/1.1" 200 8300
INFO 2023-08-12 15:37:04,907 basehttp 3560 14236"GET /admin/jsi18n/ HTTP/1.1" 200 3343
INFO 2023-08-12 15:37:15,881 basehttp 3560 14236"GET /admin/hw2/order/ HTTP/1.1" 200 7140
INFO 2023-08-12 15:37:15,942 basehttp 3560 14236"GET /admin/jsi18n/ HTTP/1.1" 200 3343
INFO 2023-08-12 15:37:18,045 basehttp 3560 14236"GET /admin/hw2/order/add/ HTTP/1.1" 200 10767
INFO 2023-08-12 15:37:18,120 basehttp 3560 14236"GET /admin/jsi18n/ HTTP/1.1" 200 3343
INFO 2023-08-12 15:37:55,466 basehttp 3560 14236"GET /admin/hw2/client/ HTTP/1.1" 200 8289
INFO 2023-08-12 15:37:55,538 basehttp 3560 14236"GET /admin/jsi18n/ HTTP/1.1" 200 3343
INFO 2023-08-12 15:38:14,359 basehttp 3560 14236"GET /admin/hw2/client/add/ HTTP/1.1" 200 9787
INFO 2023-08-12 15:38:14,433 basehttp 3560 14236"GET /admin/jsi18n/ HTTP/1.1" 200 3343
INFO 2023-08-12 15:38:47,522 basehttp 3560 14236"POST /admin/hw2/client/add/ HTTP/1.1" 302 0
INFO 2023-08-12 15:38:47,564 basehttp 3560 14236"GET /admin/hw2/client/ HTTP/1.1" 200 8688
INFO 2023-08-12 15:38:47,637 basehttp 3560 14236"GET /admin/jsi18n/ HTTP/1.1" 200 3343
INFO 2023-08-12 15:38:54,516 basehttp 3560 14236"GET /admin/hw2/client/add/ HTTP/1.1" 200 9787
INFO 2023-08-12 15:38:54,597 basehttp 3560 14236"GET /admin/jsi18n/ HTTP/1.1" 200 3343
INFO 2023-08-12 15:39:36,159 basehttp 3560 14236"POST /admin/hw2/client/add/ HTTP/1.1" 302 0
INFO 2023-08-12 15:39:36,198 basehttp 3560 14236"GET /admin/hw2/client/ HTTP/1.1" 200 8907
INFO 2023-08-12 15:39:36,275 basehttp 3560 14236"GET /admin/jsi18n/ HTTP/1.1" 200 3343
INFO 2023-08-12 15:39:42,547 basehttp 3560 14236"GET /admin/hw2/product/ HTTP/1.1" 200 8300
INFO 2023-08-12 15:39:42,711 basehttp 3560 14236"GET /admin/jsi18n/ HTTP/1.1" 200 3343
INFO 2023-08-12 15:39:46,058 basehttp 3560 14236"GET /admin/hw2/product/add/ HTTP/1.1" 200 10467
INFO 2023-08-12 15:39:46,174 basehttp 3560 14236"GET /admin/jsi18n/ HTTP/1.1" 200 3343
INFO 2023-08-12 15:43:09,947 basehttp 3560 14236"POST /admin/hw2/product/add/ HTTP/1.1" 302 0
INFO 2023-08-12 15:43:09,987 basehttp 3560 14236"GET /admin/hw2/product/ HTTP/1.1" 200 8704
INFO 2023-08-12 15:43:10,109 basehttp 3560 14236"GET /admin/jsi18n/ HTTP/1.1" 200 3343
INFO 2023-08-12 15:43:13,908 basehttp 3560 14236"GET /admin/hw2/product/add/ HTTP/1.1" 200 10467
INFO 2023-08-12 15:43:13,981 basehttp 3560 14236"GET /admin/jsi18n/ HTTP/1.1" 200 3343
INFO 2023-08-12 15:48:23,244 basehttp 3560 5636"POST /admin/hw2/product/add/ HTTP/1.1" 302 0
INFO 2023-08-12 15:48:23,278 basehttp 3560 5636"GET /admin/hw2/product/ HTTP/1.1" 200 8913
INFO 2023-08-12 15:48:23,339 basehttp 3560 5636"GET /admin/jsi18n/ HTTP/1.1" 200 3343
INFO 2023-08-12 15:48:34,662 basehttp 3560 5636"GET /admin/hw2/order/ HTTP/1.1" 200 7140
INFO 2023-08-12 15:48:34,730 basehttp 3560 5636"GET /admin/jsi18n/ HTTP/1.1" 200 3343
INFO 2023-08-12 15:48:38,366 basehttp 3560 5636"GET /admin/hw2/order/add/ HTTP/1.1" 200 10927
INFO 2023-08-12 15:48:38,426 basehttp 3560 5636"GET /admin/jsi18n/ HTTP/1.1" 200 3343
INFO 2023-08-12 15:50:09,576 basehttp 3560 5636"POST /admin/hw2/order/add/ HTTP/1.1" 200 11090
INFO 2023-08-12 15:50:09,646 basehttp 3560 5636"GET /admin/jsi18n/ HTTP/1.1" 200 3343
INFO 2023-08-12 15:50:24,391 basehttp 3560 5636"POST /admin/hw2/order/add/ HTTP/1.1" 302 0
INFO 2023-08-12 15:50:24,424 basehttp 3560 5636"GET /admin/hw2/order/ HTTP/1.1" 200 8493
INFO 2023-08-12 15:50:24,485 basehttp 3560 5636"GET /admin/jsi18n/ HTTP/1.1" 200 3343
INFO 2023-08-12 15:50:29,841 basehttp 3560 5636"GET /admin/hw2/order/1/change/ HTTP/1.1" 200 11179
INFO 2023-08-12 15:50:29,906 basehttp 3560 5636"GET /admin/jsi18n/ HTTP/1.1" 200 3343
INFO 2023-08-12 15:53:31,749 basehttp 3560 5636"GET /admin/hw2/order/ HTTP/1.1" 200 8290
INFO 2023-08-12 15:53:31,837 basehttp 3560 5636"GET /admin/jsi18n/ HTTP/1.1" 200 3343
INFO 2023-08-12 15:53:33,305 basehttp 3560 5636"GET /admin/hw2/order/add/ HTTP/1.1" 200 10927
INFO 2023-08-12 15:53:33,377 basehttp 3560 5636"GET /admin/jsi18n/ HTTP/1.1" 200 3343
INFO 2023-08-12 15:53:50,576 basehttp 3560 5636"POST /admin/hw2/order/add/ HTTP/1.1" 302 0
INFO 2023-08-12 15:53:50,650 basehttp 3560 5636"GET /admin/hw2/order/ HTTP/1.1" 200 8706
INFO 2023-08-12 15:53:50,851 basehttp 3560 5636"GET /admin/jsi18n/ HTTP/1.1" 200 3343
INFO 2023-08-12 15:55:51,719 autoreload 3560 3468D:\Programming\JANGO\Homeworks\HW1\homeworks\hw2\models.py changed, reloading.
INFO 2023-08-12 15:55:52,752 autoreload 7056 6980Watching for file changes with StatReloader
INFO 2023-08-12 15:55:57,155 basehttp 7056 6292"GET /admin/hw2/order/ HTTP/1.1" 200 8524
INFO 2023-08-12 15:55:57,243 basehttp 7056 6292"GET /admin/jsi18n/ HTTP/1.1" 200 3343
INFO 2023-08-12 16:16:19,817 basehttp 7056 14200"GET /admin/hw2/product/ HTTP/1.1" 200 8713
INFO 2023-08-12 16:16:19,900 basehttp 7056 14200"GET /admin/jsi18n/ HTTP/1.1" 200 3343
INFO 2023-08-12 16:16:22,123 basehttp 7056 14200"GET /admin/hw2/client/ HTTP/1.1" 200 8704
INFO 2023-08-12 16:16:22,208 basehttp 7056 14200"GET /admin/jsi18n/ HTTP/1.1" 200 3343
INFO 2023-08-12 16:16:23,531 basehttp 7056 14200"GET /admin/hw2/order/ HTTP/1.1" 200 8524
INFO 2023-08-12 16:16:23,590 basehttp 7056 14200"GET /admin/jsi18n/ HTTP/1.1" 200 3343
INFO 2023-08-12 16:24:13,030 autoreload 7056 6980D:\Programming\JANGO\Homeworks\HW1\homeworks\hw2\admin.py changed, reloading.
INFO 2023-08-12 16:24:14,700 autoreload 7448 6576Watching for file changes with StatReloader
INFO 2023-08-12 16:24:24,178 autoreload 7448 6576D:\Programming\JANGO\Homeworks\HW1\homeworks\hw2\admin.py changed, reloading.
INFO 2023-08-12 16:24:25,557 autoreload 10944 13936Watching for file changes with StatReloader
INFO 2023-08-12 16:24:29,902 autoreload 10944 13936D:\Programming\JANGO\Homeworks\HW1\homeworks\hw2\admin.py changed, reloading.
INFO 2023-08-12 16:24:31,690 autoreload 6264 2788Watching for file changes with StatReloader
INFO 2023-08-12 16:24:34,757 autoreload 6264 2788D:\Programming\JANGO\Homeworks\HW1\homeworks\hw2\admin.py changed, reloading.
INFO 2023-08-12 16:24:35,638 autoreload 4900 7884Watching for file changes with StatReloader
INFO 2023-08-12 16:25:20,808 autoreload 4900 7884D:\Programming\JANGO\Homeworks\HW1\homeworks\hw2\admin.py changed, reloading.
INFO 2023-08-12 16:25:21,721 autoreload 13952 8372Watching for file changes with StatReloader
INFO 2023-08-12 16:25:42,117 autoreload 13952 8372D:\Programming\JANGO\Homeworks\HW1\homeworks\hw2\admin.py changed, reloading.
INFO 2023-08-12 16:25:43,031 autoreload 9648 12428Watching for file changes with StatReloader
INFO 2023-08-12 16:26:17,452 autoreload 9648 12428D:\Programming\JANGO\Homeworks\HW1\homeworks\hw2\admin.py changed, reloading.
INFO 2023-08-12 16:26:18,430 autoreload 8728 6372Watching for file changes with StatReloader
INFO 2023-08-12 16:26:22,298 basehttp 8728 9140"GET /admin/hw2/order/ HTTP/1.1" 200 9645
INFO 2023-08-12 16:26:22,422 basehttp 8728 9140"GET /admin/jsi18n/ HTTP/1.1" 200 3343
INFO 2023-08-12 16:26:38,690 basehttp 8728 9140"GET /admin/hw2/client/ HTTP/1.1" 200 8975
INFO 2023-08-12 16:26:38,801 basehttp 8728 9140"GET /admin/jsi18n/ HTTP/1.1" 200 3343
INFO 2023-08-12 16:26:43,671 basehttp 8728 9140"GET /admin/hw2/product/ HTTP/1.1" 200 9438
INFO 2023-08-12 16:26:43,803 basehttp 8728 9140"GET /admin/jsi18n/ HTTP/1.1" 200 3343
INFO 2023-08-12 16:26:56,988 basehttp 8728 9140"GET /admin/hw2/order/ HTTP/1.1" 200 9645
INFO 2023-08-12 16:26:57,053 basehttp 8728 9140"GET /admin/jsi18n/ HTTP/1.1" 200 3343
INFO 2023-08-12 16:28:22,186 autoreload 8728 6372D:\Programming\JANGO\Homeworks\HW1\homeworks\hw2\admin.py changed, reloading.
INFO 2023-08-12 16:28:23,569 autoreload 11556 11792Watching for file changes with StatReloader
INFO 2023-08-12 16:28:55,608 autoreload 11556 11792D:\Programming\JANGO\Homeworks\HW1\homeworks\hw2\admin.py changed, reloading.
INFO 2023-08-12 16:28:56,533 autoreload 11708 3524Watching for file changes with StatReloader
INFO 2023-08-12 16:29:02,315 basehttp 11708 6744"GET /admin/hw2/order/ HTTP/1.1" 200 10081
INFO 2023-08-12 16:29:02,398 basehttp 11708 6744"GET /admin/jsi18n/ HTTP/1.1" 200 3343
ERROR 2023-08-12 16:29:16,941 log 11708 6744Internal Server Error: /admin/hw2/order/
Traceback (most recent call last):
  File "D:\Programming\JANGO\Homeworks\HW1\venv\lib\site-packages\django\core\handlers\exception.py", line 55, in inner
    response = get_response(request)
  File "D:\Programming\JANGO\Homeworks\HW1\venv\lib\site-packages\django\core\handlers\base.py", line 197, in _get_response
    response = wrapped_callback(request, *callback_args, **callback_kwargs)
  File "D:\Programming\JANGO\Homeworks\HW1\venv\lib\site-packages\django\contrib\admin\options.py", line 688, in wrapper
    return self.admin_site.admin_view(view)(*args, **kwargs)
  File "D:\Programming\JANGO\Homeworks\HW1\venv\lib\site-packages\django\utils\decorators.py", line 134, in _wrapper_view
    response = view_func(request, *args, **kwargs)
  File "D:\Programming\JANGO\Homeworks\HW1\venv\lib\site-packages\django\views\decorators\cache.py", line 62, in _wrapper_view_func
    response = view_func(request, *args, **kwargs)
  File "D:\Programming\JANGO\Homeworks\HW1\venv\lib\site-packages\django\contrib\admin\sites.py", line 242, in inner
    return view(request, *args, **kwargs)
  File "D:\Programming\JANGO\Homeworks\HW1\venv\lib\site-packages\django\utils\decorators.py", line 46, in _wrapper
    return bound_method(*args, **kwargs)
  File "D:\Programming\JANGO\Homeworks\HW1\venv\lib\site-packages\django\utils\decorators.py", line 134, in _wrapper_view
    response = view_func(request, *args, **kwargs)
  File "D:\Programming\JANGO\Homeworks\HW1\venv\lib\site-packages\django\contrib\admin\options.py", line 1926, in changelist_view
    cl = self.get_changelist_instance(request)
  File "D:\Programming\JANGO\Homeworks\HW1\venv\lib\site-packages\django\contrib\admin\options.py", line 836, in get_changelist_instance
    return ChangeList(
  File "D:\Programming\JANGO\Homeworks\HW1\venv\lib\site-packages\django\contrib\admin\views\main.py", line 122, in __init__
    self.queryset = self.get_queryset(request)
  File "D:\Programming\JANGO\Homeworks\HW1\venv\lib\site-packages\django\contrib\admin\views\main.py", line 529, in get_queryset
    qs, search_may_have_duplicates = self.model_admin.get_search_results(
  File "D:\Programming\JANGO\Homeworks\HW1\venv\lib\site-packages\django\contrib\admin\options.py", line 1155, in get_search_results
    queryset = queryset.filter(models.Q.create(term_queries))
  File "D:\Programming\JANGO\Homeworks\HW1\venv\lib\site-packages\django\db\models\query.py", line 1436, in filter
    return self._filter_or_exclude(False, args, kwargs)
  File "D:\Programming\JANGO\Homeworks\HW1\venv\lib\site-packages\django\db\models\query.py", line 1454, in _filter_or_exclude
    clone._filter_or_exclude_inplace(negate, args, kwargs)
  File "D:\Programming\JANGO\Homeworks\HW1\venv\lib\site-packages\django\db\models\query.py", line 1461, in _filter_or_exclude_inplace
    self._query.add_q(Q(*args, **kwargs))
  File "D:\Programming\JANGO\Homeworks\HW1\venv\lib\site-packages\django\db\models\sql\query.py", line 1534, in add_q
    clause, _ = self._add_q(q_object, self.used_aliases)
  File "D:\Programming\JANGO\Homeworks\HW1\venv\lib\site-packages\django\db\models\sql\query.py", line 1565, in _add_q
    child_clause, needed_inner = self.build_filter(
  File "D:\Programming\JANGO\Homeworks\HW1\venv\lib\site-packages\django\db\models\sql\query.py", line 1393, in build_filter
    return self._add_q(
  File "D:\Programming\JANGO\Homeworks\HW1\venv\lib\site-packages\django\db\models\sql\query.py", line 1565, in _add_q
    child_clause, needed_inner = self.build_filter(
  File "D:\Programming\JANGO\Homeworks\HW1\venv\lib\site-packages\django\db\models\sql\query.py", line 1393, in build_filter
    return self._add_q(
  File "D:\Programming\JANGO\Homeworks\HW1\venv\lib\site-packages\django\db\models\sql\query.py", line 1565, in _add_q
    child_clause, needed_inner = self.build_filter(
  File "D:\Programming\JANGO\Homeworks\HW1\venv\lib\site-packages\django\db\models\sql\query.py", line 1480, in build_filter
    condition = self.build_lookup(lookups, col, value)
  File "D:\Programming\JANGO\Homeworks\HW1\venv\lib\site-packages\django\db\models\sql\query.py", line 1301, in build_lookup
    lhs = self.try_transform(lhs, lookup_name)
  File "D:\Programming\JANGO\Homeworks\HW1\venv\lib\site-packages\django\db\models\sql\query.py", line 1345, in try_transform
    raise FieldError(
django.core.exceptions.FieldError: Unsupported lookup 'icontains' for ForeignKey or join on the field not permitted.
ERROR 2023-08-12 16:29:16,957 basehttp 11708 6744"GET /admin/hw2/order/?q=Pill HTTP/1.1" 500 184998
INFO 2023-08-12 16:29:25,751 basehttp 11708 6744"GET /admin/hw2/order/ HTTP/1.1" 200 10081
INFO 2023-08-12 16:29:44,436 autoreload 11708 3524D:\Programming\JANGO\Homeworks\HW1\homeworks\hw2\admin.py changed, reloading.
INFO 2023-08-12 16:29:45,837 autoreload 2340 1224Watching for file changes with StatReloader
INFO 2023-08-12 16:29:46,211 basehttp 2340 9088"GET /admin/hw2/order/ HTTP/1.1" 200 10080
INFO 2023-08-12 16:29:46,341 basehttp 2340 9088"GET /admin/jsi18n/ HTTP/1.1" 200 3343
ERROR 2023-08-12 16:29:52,214 log 2340 9088Internal Server Error: /admin/hw2/order/
Traceback (most recent call last):
  File "D:\Programming\JANGO\Homeworks\HW1\venv\lib\site-packages\django\core\handlers\exception.py", line 55, in inner
    response = get_response(request)
  File "D:\Programming\JANGO\Homeworks\HW1\venv\lib\site-packages\django\core\handlers\base.py", line 197, in _get_response
    response = wrapped_callback(request, *callback_args, **callback_kwargs)
  File "D:\Programming\JANGO\Homeworks\HW1\venv\lib\site-packages\django\contrib\admin\options.py", line 688, in wrapper
    return self.admin_site.admin_view(view)(*args, **kwargs)
  File "D:\Programming\JANGO\Homeworks\HW1\venv\lib\site-packages\django\utils\decorators.py", line 134, in _wrapper_view
    response = view_func(request, *args, **kwargs)
  File "D:\Programming\JANGO\Homeworks\HW1\venv\lib\site-packages\django\views\decorators\cache.py", line 62, in _wrapper_view_func
    response = view_func(request, *args, **kwargs)
  File "D:\Programming\JANGO\Homeworks\HW1\venv\lib\site-packages\django\contrib\admin\sites.py", line 242, in inner
    return view(request, *args, **kwargs)
  File "D:\Programming\JANGO\Homeworks\HW1\venv\lib\site-packages\django\utils\decorators.py", line 46, in _wrapper
    return bound_method(*args, **kwargs)
  File "D:\Programming\JANGO\Homeworks\HW1\venv\lib\site-packages\django\utils\decorators.py", line 134, in _wrapper_view
    response = view_func(request, *args, **kwargs)
  File "D:\Programming\JANGO\Homeworks\HW1\venv\lib\site-packages\django\contrib\admin\options.py", line 1926, in changelist_view
    cl = self.get_changelist_instance(request)
  File "D:\Programming\JANGO\Homeworks\HW1\venv\lib\site-packages\django\contrib\admin\options.py", line 836, in get_changelist_instance
    return ChangeList(
  File "D:\Programming\JANGO\Homeworks\HW1\venv\lib\site-packages\django\contrib\admin\views\main.py", line 122, in __init__
    self.queryset = self.get_queryset(request)
  File "D:\Programming\JANGO\Homeworks\HW1\venv\lib\site-packages\django\contrib\admin\views\main.py", line 529, in get_queryset
    qs, search_may_have_duplicates = self.model_admin.get_search_results(
  File "D:\Programming\JANGO\Homeworks\HW1\venv\lib\site-packages\django\contrib\admin\options.py", line 1155, in get_search_results
    queryset = queryset.filter(models.Q.create(term_queries))
  File "D:\Programming\JANGO\Homeworks\HW1\venv\lib\site-packages\django\db\models\query.py", line 1436, in filter
    return self._filter_or_exclude(False, args, kwargs)
  File "D:\Programming\JANGO\Homeworks\HW1\venv\lib\site-packages\django\db\models\query.py", line 1454, in _filter_or_exclude
    clone._filter_or_exclude_inplace(negate, args, kwargs)
  File "D:\Programming\JANGO\Homeworks\HW1\venv\lib\site-packages\django\db\models\query.py", line 1461, in _filter_or_exclude_inplace
    self._query.add_q(Q(*args, **kwargs))
  File "D:\Programming\JANGO\Homeworks\HW1\venv\lib\site-packages\django\db\models\sql\query.py", line 1534, in add_q
    clause, _ = self._add_q(q_object, self.used_aliases)
  File "D:\Programming\JANGO\Homeworks\HW1\venv\lib\site-packages\django\db\models\sql\query.py", line 1565, in _add_q
    child_clause, needed_inner = self.build_filter(
  File "D:\Programming\JANGO\Homeworks\HW1\venv\lib\site-packages\django\db\models\sql\query.py", line 1393, in build_filter
    return self._add_q(
  File "D:\Programming\JANGO\Homeworks\HW1\venv\lib\site-packages\django\db\models\sql\query.py", line 1565, in _add_q
    child_clause, needed_inner = self.build_filter(
  File "D:\Programming\JANGO\Homeworks\HW1\venv\lib\site-packages\django\db\models\sql\query.py", line 1393, in build_filter
    return self._add_q(
  File "D:\Programming\JANGO\Homeworks\HW1\venv\lib\site-packages\django\db\models\sql\query.py", line 1565, in _add_q
    child_clause, needed_inner = self.build_filter(
  File "D:\Programming\JANGO\Homeworks\HW1\venv\lib\site-packages\django\db\models\sql\query.py", line 1480, in build_filter
    condition = self.build_lookup(lookups, col, value)
  File "D:\Programming\JANGO\Homeworks\HW1\venv\lib\site-packages\django\db\models\sql\query.py", line 1301, in build_lookup
    lhs = self.try_transform(lhs, lookup_name)
  File "D:\Programming\JANGO\Homeworks\HW1\venv\lib\site-packages\django\db\models\sql\query.py", line 1345, in try_transform
    raise FieldError(
django.core.exceptions.FieldError: Unsupported lookup 'icontains' for ForeignKey or join on the field not permitted.
ERROR 2023-08-12 16:29:52,230 basehttp 2340 9088"GET /admin/hw2/order/?q=Va HTTP/1.1" 500 184082
INFO 2023-08-12 16:30:21,314 basehttp 2340 9088"GET /admin/hw2/order/ HTTP/1.1" 200 10080
ERROR 2023-08-12 16:30:45,464 log 2340 9088Internal Server Error: /admin/hw2/order/
Traceback (most recent call last):
  File "D:\Programming\JANGO\Homeworks\HW1\venv\lib\site-packages\django\core\handlers\exception.py", line 55, in inner
    response = get_response(request)
  File "D:\Programming\JANGO\Homeworks\HW1\venv\lib\site-packages\django\core\handlers\base.py", line 197, in _get_response
    response = wrapped_callback(request, *callback_args, **callback_kwargs)
  File "D:\Programming\JANGO\Homeworks\HW1\venv\lib\site-packages\django\contrib\admin\options.py", line 688, in wrapper
    return self.admin_site.admin_view(view)(*args, **kwargs)
  File "D:\Programming\JANGO\Homeworks\HW1\venv\lib\site-packages\django\utils\decorators.py", line 134, in _wrapper_view
    response = view_func(request, *args, **kwargs)
  File "D:\Programming\JANGO\Homeworks\HW1\venv\lib\site-packages\django\views\decorators\cache.py", line 62, in _wrapper_view_func
    response = view_func(request, *args, **kwargs)
  File "D:\Programming\JANGO\Homeworks\HW1\venv\lib\site-packages\django\contrib\admin\sites.py", line 242, in inner
    return view(request, *args, **kwargs)
  File "D:\Programming\JANGO\Homeworks\HW1\venv\lib\site-packages\django\utils\decorators.py", line 46, in _wrapper
    return bound_method(*args, **kwargs)
  File "D:\Programming\JANGO\Homeworks\HW1\venv\lib\site-packages\django\utils\decorators.py", line 134, in _wrapper_view
    response = view_func(request, *args, **kwargs)
  File "D:\Programming\JANGO\Homeworks\HW1\venv\lib\site-packages\django\contrib\admin\options.py", line 1926, in changelist_view
    cl = self.get_changelist_instance(request)
  File "D:\Programming\JANGO\Homeworks\HW1\venv\lib\site-packages\django\contrib\admin\options.py", line 836, in get_changelist_instance
    return ChangeList(
  File "D:\Programming\JANGO\Homeworks\HW1\venv\lib\site-packages\django\contrib\admin\views\main.py", line 122, in __init__
    self.queryset = self.get_queryset(request)
  File "D:\Programming\JANGO\Homeworks\HW1\venv\lib\site-packages\django\contrib\admin\views\main.py", line 529, in get_queryset
    qs, search_may_have_duplicates = self.model_admin.get_search_results(
  File "D:\Programming\JANGO\Homeworks\HW1\venv\lib\site-packages\django\contrib\admin\options.py", line 1155, in get_search_results
    queryset = queryset.filter(models.Q.create(term_queries))
  File "D:\Programming\JANGO\Homeworks\HW1\venv\lib\site-packages\django\db\models\query.py", line 1436, in filter
    return self._filter_or_exclude(False, args, kwargs)
  File "D:\Programming\JANGO\Homeworks\HW1\venv\lib\site-packages\django\db\models\query.py", line 1454, in _filter_or_exclude
    clone._filter_or_exclude_inplace(negate, args, kwargs)
  File "D:\Programming\JANGO\Homeworks\HW1\venv\lib\site-packages\django\db\models\query.py", line 1461, in _filter_or_exclude_inplace
    self._query.add_q(Q(*args, **kwargs))
  File "D:\Programming\JANGO\Homeworks\HW1\venv\lib\site-packages\django\db\models\sql\query.py", line 1534, in add_q
    clause, _ = self._add_q(q_object, self.used_aliases)
  File "D:\Programming\JANGO\Homeworks\HW1\venv\lib\site-packages\django\db\models\sql\query.py", line 1565, in _add_q
    child_clause, needed_inner = self.build_filter(
  File "D:\Programming\JANGO\Homeworks\HW1\venv\lib\site-packages\django\db\models\sql\query.py", line 1393, in build_filter
    return self._add_q(
  File "D:\Programming\JANGO\Homeworks\HW1\venv\lib\site-packages\django\db\models\sql\query.py", line 1565, in _add_q
    child_clause, needed_inner = self.build_filter(
  File "D:\Programming\JANGO\Homeworks\HW1\venv\lib\site-packages\django\db\models\sql\query.py", line 1393, in build_filter
    return self._add_q(
  File "D:\Programming\JANGO\Homeworks\HW1\venv\lib\site-packages\django\db\models\sql\query.py", line 1565, in _add_q
    child_clause, needed_inner = self.build_filter(
  File "D:\Programming\JANGO\Homeworks\HW1\venv\lib\site-packages\django\db\models\sql\query.py", line 1480, in build_filter
    condition = self.build_lookup(lookups, col, value)
  File "D:\Programming\JANGO\Homeworks\HW1\venv\lib\site-packages\django\db\models\sql\query.py", line 1301, in build_lookup
    lhs = self.try_transform(lhs, lookup_name)
  File "D:\Programming\JANGO\Homeworks\HW1\venv\lib\site-packages\django\db\models\sql\query.py", line 1345, in try_transform
    raise FieldError(
django.core.exceptions.FieldError: Unsupported lookup 'icontains' for ForeignKey or join on the field not permitted.
ERROR 2023-08-12 16:30:45,478 basehttp 2340 9088"GET /admin/hw2/order/?q=Vasia HTTP/1.1" 500 184190
INFO 2023-08-12 16:30:47,883 basehttp 2340 9088"GET /admin/hw2/order/ HTTP/1.1" 200 10080
INFO 2023-08-12 16:31:23,591 autoreload 2340 1224D:\Programming\JANGO\Homeworks\HW1\homeworks\hw2\admin.py changed, reloading.
INFO 2023-08-12 16:31:25,054 autoreload 14228 13516Watching for file changes with StatReloader
INFO 2023-08-12 16:31:29,368 autoreload 14228 13516D:\Programming\JANGO\Homeworks\HW1\homeworks\hw2\admin.py changed, reloading.
INFO 2023-08-12 16:31:30,390 autoreload 14100 6572Watching for file changes with StatReloader
INFO 2023-08-12 16:31:31,791 basehttp 14100 10560"GET /admin/hw2/order/ HTTP/1.1" 200 9645
INFO 2023-08-12 16:31:31,902 basehttp 14100 10560"GET /admin/jsi18n/ HTTP/1.1" 200 3343
INFO 2023-08-12 16:31:34,849 basehttp 14100 10560"GET /admin/hw2/product/ HTTP/1.1" 200 9878
INFO 2023-08-12 16:31:34,961 basehttp 14100 10560"GET /admin/jsi18n/ HTTP/1.1" 200 3343
INFO 2023-08-12 16:31:44,563 basehttp 14100 10560"GET /admin/hw2/product/?q=pil HTTP/1.1" 200 9522
INFO 2023-08-12 16:31:44,639 basehttp 14100 10560"GET /admin/jsi18n/ HTTP/1.1" 200 3343
INFO 2023-08-12 16:31:52,305 basehttp 14100 10560"GET /admin/hw2/product/? HTTP/1.1" 200 9878
INFO 2023-08-12 16:31:52,381 basehttp 14100 10560"GET /admin/jsi18n/ HTTP/1.1" 200 3343
INFO 2023-08-12 16:39:33,645 autoreload 14100 6572D:\Programming\JANGO\Homeworks\HW1\homeworks\hw2\admin.py changed, reloading.
INFO 2023-08-12 16:39:35,236 autoreload 13596 13952Watching for file changes with StatReloader
INFO 2023-08-12 16:39:44,246 autoreload 13596 13952D:\Programming\JANGO\Homeworks\HW1\homeworks\hw2\admin.py changed, reloading.
INFO 2023-08-12 16:39:45,774 autoreload 1132 10396Watching for file changes with StatReloader
INFO 2023-08-12 16:39:52,334 autoreload 1132 10396D:\Programming\JANGO\Homeworks\HW1\homeworks\hw2\admin.py changed, reloading.
INFO 2023-08-12 16:39:53,691 autoreload 7064 10256Watching for file changes with StatReloader
INFO 2023-08-12 16:39:59,255 autoreload 7064 10256D:\Programming\JANGO\Homeworks\HW1\homeworks\hw2\admin.py changed, reloading.
INFO 2023-08-12 16:40:00,681 autoreload 4536 13696Watching for file changes with StatReloader
INFO 2023-08-12 16:40:30,234 autoreload 4536 13696D:\Programming\JANGO\Homeworks\HW1\homeworks\hw2\admin.py changed, reloading.
INFO 2023-08-12 16:40:31,340 autoreload 13256 3596Watching for file changes with StatReloader
INFO 2023-08-12 16:40:37,889 basehttp 13256 6264"GET /admin/hw2/client/ HTTP/1.1" 200 8975
INFO 2023-08-12 16:40:38,022 basehttp 13256 6264"GET /admin/jsi18n/ HTTP/1.1" 200 3343
ERROR 2023-08-12 16:40:48,542 log 13256 6264Internal Server Error: /admin/hw2/client/3/change/
Traceback (most recent call last):
  File "D:\Programming\JANGO\Homeworks\HW1\venv\lib\site-packages\django\contrib\admin\options.py", line 809, in get_form
    return modelform_factory(self.model, **defaults)
  File "D:\Programming\JANGO\Homeworks\HW1\venv\lib\site-packages\django\forms\models.py", line 642, in modelform_factory
    return type(form)(class_name, (form,), form_class_attrs)
  File "D:\Programming\JANGO\Homeworks\HW1\venv\lib\site-packages\django\forms\models.py", line 321, in __new__
    raise FieldError(message)
django.core.exceptions.FieldError: Unknown field(s) (date_of_order, description, price, quantity) specified for Client

During handling of the above exception, another exception occurred:

Traceback (most recent call last):
  File "D:\Programming\JANGO\Homeworks\HW1\venv\lib\site-packages\django\core\handlers\exception.py", line 55, in inner
    response = get_response(request)
  File "D:\Programming\JANGO\Homeworks\HW1\venv\lib\site-packages\django\core\handlers\base.py", line 197, in _get_response
    response = wrapped_callback(request, *callback_args, **callback_kwargs)
  File "D:\Programming\JANGO\Homeworks\HW1\venv\lib\site-packages\django\contrib\admin\options.py", line 688, in wrapper
    return self.admin_site.admin_view(view)(*args, **kwargs)
  File "D:\Programming\JANGO\Homeworks\HW1\venv\lib\site-packages\django\utils\decorators.py", line 134, in _wrapper_view
    response = view_func(request, *args, **kwargs)
  File "D:\Programming\JANGO\Homeworks\HW1\venv\lib\site-packages\django\views\decorators\cache.py", line 62, in _wrapper_view_func
    response = view_func(request, *args, **kwargs)
  File "D:\Programming\JANGO\Homeworks\HW1\venv\lib\site-packages\django\contrib\admin\sites.py", line 242, in inner
    return view(request, *args, **kwargs)
  File "D:\Programming\JANGO\Homeworks\HW1\venv\lib\site-packages\django\contrib\admin\options.py", line 1889, in change_view
    return self.changeform_view(request, object_id, form_url, extra_context)
  File "D:\Programming\JANGO\Homeworks\HW1\venv\lib\site-packages\django\utils\decorators.py", line 46, in _wrapper
    return bound_method(*args, **kwargs)
  File "D:\Programming\JANGO\Homeworks\HW1\venv\lib\site-packages\django\utils\decorators.py", line 134, in _wrapper_view
    response = view_func(request, *args, **kwargs)
  File "D:\Programming\JANGO\Homeworks\HW1\venv\lib\site-packages\django\contrib\admin\options.py", line 1747, in changeform_view
    return self._changeform_view(request, object_id, form_url, extra_context)
  File "D:\Programming\JANGO\Homeworks\HW1\venv\lib\site-packages\django\contrib\admin\options.py", line 1782, in _changeform_view
    ModelForm = self.get_form(
  File "D:\Programming\JANGO\Homeworks\HW1\venv\lib\site-packages\django\contrib\admin\options.py", line 811, in get_form
    raise FieldError(
django.core.exceptions.FieldError: Unknown field(s) (date_of_order, description, price, quantity) specified for Client. Check fields/fieldsets/exclude attributes of class ClientAdmin.
ERROR 2023-08-12 16:40:48,554 basehttp 13256 6264"GET /admin/hw2/client/3/change/ HTTP/1.1" 500 134947
INFO 2023-08-12 16:41:11,013 basehttp 13256 6264"GET /admin/hw2/client/ HTTP/1.1" 200 8975
INFO 2023-08-12 16:42:49,214 autoreload 13256 3596D:\Programming\JANGO\Homeworks\HW1\homeworks\hw2\admin.py changed, reloading.
INFO 2023-08-12 16:42:50,616 autoreload 13876 7064Watching for file changes with StatReloader
INFO 2023-08-12 16:42:56,864 basehttp 13876 5640"GET /admin/hw2/product/ HTTP/1.1" 200 9878
INFO 2023-08-12 16:42:57,009 basehttp 13876 5640"GET /admin/jsi18n/ HTTP/1.1" 200 3343
INFO 2023-08-12 16:43:01,134 basehttp 13876 5640"GET /admin/hw2/client/ HTTP/1.1" 200 8704
INFO 2023-08-12 16:43:01,232 basehttp 13876 5640"GET /admin/jsi18n/ HTTP/1.1" 200 3343
ERROR 2023-08-12 16:43:05,868 log 13876 5640Internal Server Error: /admin/hw2/client/3/change/
Traceback (most recent call last):
  File "D:\Programming\JANGO\Homeworks\HW1\venv\lib\site-packages\django\contrib\admin\options.py", line 809, in get_form
    return modelform_factory(self.model, **defaults)
  File "D:\Programming\JANGO\Homeworks\HW1\venv\lib\site-packages\django\forms\models.py", line 642, in modelform_factory
    return type(form)(class_name, (form,), form_class_attrs)
  File "D:\Programming\JANGO\Homeworks\HW1\venv\lib\site-packages\django\forms\models.py", line 321, in __new__
    raise FieldError(message)
django.core.exceptions.FieldError: Unknown field(s) (description, price, date_of_order, quantity) specified for Client

During handling of the above exception, another exception occurred:

Traceback (most recent call last):
  File "D:\Programming\JANGO\Homeworks\HW1\venv\lib\site-packages\django\core\handlers\exception.py", line 55, in inner
    response = get_response(request)
  File "D:\Programming\JANGO\Homeworks\HW1\venv\lib\site-packages\django\core\handlers\base.py", line 197, in _get_response
    response = wrapped_callback(request, *callback_args, **callback_kwargs)
  File "D:\Programming\JANGO\Homeworks\HW1\venv\lib\site-packages\django\contrib\admin\options.py", line 688, in wrapper
    return self.admin_site.admin_view(view)(*args, **kwargs)
  File "D:\Programming\JANGO\Homeworks\HW1\venv\lib\site-packages\django\utils\decorators.py", line 134, in _wrapper_view
    response = view_func(request, *args, **kwargs)
  File "D:\Programming\JANGO\Homeworks\HW1\venv\lib\site-packages\django\views\decorators\cache.py", line 62, in _wrapper_view_func
    response = view_func(request, *args, **kwargs)
  File "D:\Programming\JANGO\Homeworks\HW1\venv\lib\site-packages\django\contrib\admin\sites.py", line 242, in inner
    return view(request, *args, **kwargs)
  File "D:\Programming\JANGO\Homeworks\HW1\venv\lib\site-packages\django\contrib\admin\options.py", line 1889, in change_view
    return self.changeform_view(request, object_id, form_url, extra_context)
  File "D:\Programming\JANGO\Homeworks\HW1\venv\lib\site-packages\django\utils\decorators.py", line 46, in _wrapper
    return bound_method(*args, **kwargs)
  File "D:\Programming\JANGO\Homeworks\HW1\venv\lib\site-packages\django\utils\decorators.py", line 134, in _wrapper_view
    response = view_func(request, *args, **kwargs)
  File "D:\Programming\JANGO\Homeworks\HW1\venv\lib\site-packages\django\contrib\admin\options.py", line 1747, in changeform_view
    return self._changeform_view(request, object_id, form_url, extra_context)
  File "D:\Programming\JANGO\Homeworks\HW1\venv\lib\site-packages\django\contrib\admin\options.py", line 1782, in _changeform_view
    ModelForm = self.get_form(
  File "D:\Programming\JANGO\Homeworks\HW1\venv\lib\site-packages\django\contrib\admin\options.py", line 811, in get_form
    raise FieldError(
django.core.exceptions.FieldError: Unknown field(s) (description, price, date_of_order, quantity) specified for Client. Check fields/fieldsets/exclude attributes of class ClientAdmin.
ERROR 2023-08-12 16:43:05,882 basehttp 13876 5640"GET /admin/hw2/client/3/change/ HTTP/1.1" 500 134947
INFO 2023-08-12 16:43:57,066 autoreload 13876 7064D:\Programming\JANGO\Homeworks\HW1\homeworks\hw2\admin.py changed, reloading.
INFO 2023-08-12 16:43:58,551 autoreload 11760 12380Watching for file changes with StatReloader
INFO 2023-08-12 16:44:26,467 autoreload 7928 12164Watching for file changes with StatReloader
INFO 2023-08-12 16:44:55,188 autoreload 7928 12164D:\Programming\JANGO\Homeworks\HW1\homeworks\hw2\admin.py changed, reloading.
INFO 2023-08-12 16:44:56,526 autoreload 9140 14116Watching for file changes with StatReloader
INFO 2023-08-12 16:44:59,487 basehttp 9140 8244"GET / HTTP/1.1" 200 731
INFO 2023-08-12 16:45:09,507 basehttp 9140 8244"GET /admin/ HTTP/1.1" 200 8028
INFO 2023-08-12 16:45:13,360 basehttp 9140 8244"GET /admin/hw2/client/ HTTP/1.1" 200 8704
INFO 2023-08-12 16:45:13,468 basehttp 9140 8244"GET /admin/jsi18n/ HTTP/1.1" 200 3343
INFO 2023-08-12 16:45:16,042 basehttp 9140 8244"GET /admin/hw2/client/2/change/ HTTP/1.1" 200 8144
INFO 2023-08-12 16:45:16,137 basehttp 9140 8244"GET /admin/jsi18n/ HTTP/1.1" 200 3343
INFO 2023-08-12 16:45:47,534 autoreload 9140 14116D:\Programming\JANGO\Homeworks\HW1\homeworks\hw2\admin.py changed, reloading.
INFO 2023-08-12 16:45:48,454 autoreload 1096 12616Watching for file changes with StatReloader
INFO 2023-08-12 16:45:51,758 basehttp 1096 6952"GET /admin/hw2/client/2/change/ HTTP/1.1" 200 8359
INFO 2023-08-12 16:45:51,828 basehttp 1096 9188"GET /admin/jsi18n/ HTTP/1.1" 200 3343
INFO 2023-08-12 16:45:52,102 basehttp 1096 6952"GET /static/admin/js/collapse.js HTTP/1.1" 200 1803
INFO 2023-08-12 16:46:09,125 autoreload 1096 12616D:\Programming\JANGO\Homeworks\HW1\homeworks\hw2\admin.py changed, reloading.
INFO 2023-08-12 16:46:10,426 autoreload 10512 4428Watching for file changes with StatReloader
ERROR 2023-08-12 16:46:13,724 log 10512 2052Internal Server Error: /admin/hw2/client/2/change/
Traceback (most recent call last):
  File "D:\Programming\JANGO\Homeworks\HW1\venv\lib\site-packages\django\contrib\admin\options.py", line 809, in get_form
    return modelform_factory(self.model, **defaults)
  File "D:\Programming\JANGO\Homeworks\HW1\venv\lib\site-packages\django\forms\models.py", line 642, in modelform_factory
    return type(form)(class_name, (form,), form_class_attrs)
  File "D:\Programming\JANGO\Homeworks\HW1\venv\lib\site-packages\django\forms\models.py", line 321, in __new__
    raise FieldError(message)
django.core.exceptions.FieldError: Unknown field(s) (description) specified for Client

During handling of the above exception, another exception occurred:

Traceback (most recent call last):
  File "D:\Programming\JANGO\Homeworks\HW1\venv\lib\site-packages\django\core\handlers\exception.py", line 55, in inner
    response = get_response(request)
  File "D:\Programming\JANGO\Homeworks\HW1\venv\lib\site-packages\django\core\handlers\base.py", line 197, in _get_response
    response = wrapped_callback(request, *callback_args, **callback_kwargs)
  File "D:\Programming\JANGO\Homeworks\HW1\venv\lib\site-packages\django\contrib\admin\options.py", line 688, in wrapper
    return self.admin_site.admin_view(view)(*args, **kwargs)
  File "D:\Programming\JANGO\Homeworks\HW1\venv\lib\site-packages\django\utils\decorators.py", line 134, in _wrapper_view
    response = view_func(request, *args, **kwargs)
  File "D:\Programming\JANGO\Homeworks\HW1\venv\lib\site-packages\django\views\decorators\cache.py", line 62, in _wrapper_view_func
    response = view_func(request, *args, **kwargs)
  File "D:\Programming\JANGO\Homeworks\HW1\venv\lib\site-packages\django\contrib\admin\sites.py", line 242, in inner
    return view(request, *args, **kwargs)
  File "D:\Programming\JANGO\Homeworks\HW1\venv\lib\site-packages\django\contrib\admin\options.py", line 1889, in change_view
    return self.changeform_view(request, object_id, form_url, extra_context)
  File "D:\Programming\JANGO\Homeworks\HW1\venv\lib\site-packages\django\utils\decorators.py", line 46, in _wrapper
    return bound_method(*args, **kwargs)
  File "D:\Programming\JANGO\Homeworks\HW1\venv\lib\site-packages\django\utils\decorators.py", line 134, in _wrapper_view
    response = view_func(request, *args, **kwargs)
  File "D:\Programming\JANGO\Homeworks\HW1\venv\lib\site-packages\django\contrib\admin\options.py", line 1747, in changeform_view
    return self._changeform_view(request, object_id, form_url, extra_context)
  File "D:\Programming\JANGO\Homeworks\HW1\venv\lib\site-packages\django\contrib\admin\options.py", line 1782, in _changeform_view
    ModelForm = self.get_form(
  File "D:\Programming\JANGO\Homeworks\HW1\venv\lib\site-packages\django\contrib\admin\options.py", line 811, in get_form
    raise FieldError(
django.core.exceptions.FieldError: Unknown field(s) (description) specified for Client. Check fields/fieldsets/exclude attributes of class ClientAdmin.
ERROR 2023-08-12 16:46:13,739 basehttp 10512 2052"GET /admin/hw2/client/2/change/ HTTP/1.1" 500 134118
INFO 2023-08-12 16:46:44,358 autoreload 10512 4428D:\Programming\JANGO\Homeworks\HW1\homeworks\hw2\admin.py changed, reloading.
INFO 2023-08-12 16:46:45,854 autoreload 5728 8760Watching for file changes with StatReloader
ERROR 2023-08-12 16:46:47,697 log 5728 11820Internal Server Error: /admin/hw2/client/2/change/
Traceback (most recent call last):
  File "D:\Programming\JANGO\Homeworks\HW1\venv\lib\site-packages\django\contrib\admin\options.py", line 809, in get_form
    return modelform_factory(self.model, **defaults)
  File "D:\Programming\JANGO\Homeworks\HW1\venv\lib\site-packages\django\forms\models.py", line 642, in modelform_factory
    return type(form)(class_name, (form,), form_class_attrs)
  File "D:\Programming\JANGO\Homeworks\HW1\venv\lib\site-packages\django\forms\models.py", line 321, in __new__
    raise FieldError(message)
django.core.exceptions.FieldError: Unknown field(s) (price) specified for Client

During handling of the above exception, another exception occurred:

Traceback (most recent call last):
  File "D:\Programming\JANGO\Homeworks\HW1\venv\lib\site-packages\django\core\handlers\exception.py", line 55, in inner
    response = get_response(request)
  File "D:\Programming\JANGO\Homeworks\HW1\venv\lib\site-packages\django\core\handlers\base.py", line 197, in _get_response
    response = wrapped_callback(request, *callback_args, **callback_kwargs)
  File "D:\Programming\JANGO\Homeworks\HW1\venv\lib\site-packages\django\contrib\admin\options.py", line 688, in wrapper
    return self.admin_site.admin_view(view)(*args, **kwargs)
  File "D:\Programming\JANGO\Homeworks\HW1\venv\lib\site-packages\django\utils\decorators.py", line 134, in _wrapper_view
    response = view_func(request, *args, **kwargs)
  File "D:\Programming\JANGO\Homeworks\HW1\venv\lib\site-packages\django\views\decorators\cache.py", line 62, in _wrapper_view_func
    response = view_func(request, *args, **kwargs)
  File "D:\Programming\JANGO\Homeworks\HW1\venv\lib\site-packages\django\contrib\admin\sites.py", line 242, in inner
    return view(request, *args, **kwargs)
  File "D:\Programming\JANGO\Homeworks\HW1\venv\lib\site-packages\django\contrib\admin\options.py", line 1889, in change_view
    return self.changeform_view(request, object_id, form_url, extra_context)
  File "D:\Programming\JANGO\Homeworks\HW1\venv\lib\site-packages\django\utils\decorators.py", line 46, in _wrapper
    return bound_method(*args, **kwargs)
  File "D:\Programming\JANGO\Homeworks\HW1\venv\lib\site-packages\django\utils\decorators.py", line 134, in _wrapper_view
    response = view_func(request, *args, **kwargs)
  File "D:\Programming\JANGO\Homeworks\HW1\venv\lib\site-packages\django\contrib\admin\options.py", line 1747, in changeform_view
    return self._changeform_view(request, object_id, form_url, extra_context)
  File "D:\Programming\JANGO\Homeworks\HW1\venv\lib\site-packages\django\contrib\admin\options.py", line 1782, in _changeform_view
    ModelForm = self.get_form(
  File "D:\Programming\JANGO\Homeworks\HW1\venv\lib\site-packages\django\contrib\admin\options.py", line 811, in get_form
    raise FieldError(
django.core.exceptions.FieldError: Unknown field(s) (price) specified for Client. Check fields/fieldsets/exclude attributes of class ClientAdmin.
ERROR 2023-08-12 16:46:47,712 basehttp 5728 11820"GET /admin/hw2/client/2/change/ HTTP/1.1" 500 134016
INFO 2023-08-12 16:47:04,828 autoreload 5728 8760D:\Programming\JANGO\Homeworks\HW1\homeworks\hw2\admin.py changed, reloading.
INFO 2023-08-12 16:47:06,474 autoreload 4340 11564Watching for file changes with StatReloader
INFO 2023-08-12 16:47:06,925 basehttp 4340 13040"GET /admin/hw2/client/2/change/ HTTP/1.1" 200 9009
INFO 2023-08-12 16:47:07,076 basehttp 4340 13040"GET /admin/jsi18n/ HTTP/1.1" 200 3343
INFO 2023-08-12 16:47:43,642 autoreload 4340 11564D:\Programming\JANGO\Homeworks\HW1\homeworks\hw2\admin.py changed, reloading.
INFO 2023-08-12 16:47:45,183 autoreload 6952 3964Watching for file changes with StatReloader
INFO 2023-08-12 16:47:50,591 autoreload 6952 3964D:\Programming\JANGO\Homeworks\HW1\homeworks\hw2\admin.py changed, reloading.
INFO 2023-08-12 16:47:51,913 autoreload 13324 12800Watching for file changes with StatReloader
INFO 2023-08-12 16:47:54,951 autoreload 13324 12800D:\Programming\JANGO\Homeworks\HW1\homeworks\hw2\admin.py changed, reloading.
INFO 2023-08-12 16:47:55,959 autoreload 8492 13592Watching for file changes with StatReloader
INFO 2023-08-12 16:47:58,944 basehttp 8492 10236"GET /admin/hw2/client/2/change/ HTTP/1.1" 200 10311
INFO 2023-08-12 16:47:59,103 basehttp 8492 10236"GET /admin/jsi18n/ HTTP/1.1" 200 3343
INFO 2023-08-12 16:48:56,127 autoreload 8492 13592D:\Programming\JANGO\Homeworks\HW1\homeworks\hw2\admin.py changed, reloading.
INFO 2023-08-12 16:48:57,126 autoreload 11948 3076Watching for file changes with StatReloader
INFO 2023-08-12 16:49:02,392 basehttp 11948 13496"GET /admin/hw2/client/2/change/ HTTP/1.1" 200 10311
INFO 2023-08-12 16:49:02,521 basehttp 11948 13496"GET /admin/jsi18n/ HTTP/1.1" 200 3343
INFO 2023-08-12 16:49:06,897 basehttp 11948 13496"GET /admin/hw2/client/ HTTP/1.1" 200 8975
INFO 2023-08-12 16:49:06,980 basehttp 11948 13496"GET /admin/jsi18n/ HTTP/1.1" 200 3343
